20:27:13.893 [main                     ] DEBUG Logger               - Configured Logger
20:27:13.902 [main                     ] DEBUG GameApplication      - Logging settings
Title: Modern Interiors Chargen Tool
Version: 1.0
Width: 1280
Height: 720
Fullscreen: false
Intro: false
Profiling: false
Single step:false
App Mode: DEVELOPER
Menu Key: ESCAPE
Stage Style: DECORATED
Scene Factory: class com.almasb.fxgl.app.scene.SceneFactory

20:27:14.334 [JavaFX Application Thread] DEBUG FXGLApplication      - Initializing FXGL
20:27:14.336 [JavaFX Application Thread] INFO  Engine               - FXGL-dev-SNAPSHOT (25.12.2020 10.00) on WINDOWS (J:14.0.1 FX:15)
20:27:14.337 [JavaFX Application Thread] DEBUG Engine               - JRE Vendor Name: Oracle Corporation
20:27:14.337 [JavaFX Application Thread] DEBUG Engine               - Running on OS: Windows 10 version 10.0
20:27:14.337 [JavaFX Application Thread] DEBUG Engine               - Architecture: amd64
20:27:14.337 [JavaFX Application Thread] INFO  Engine               - Source code and latest versions at: https://github.com/AlmasB/FXGL
20:27:14.338 [JavaFX Application Thread] INFO  Engine               -              Join the FXGL chat at: https://gitter.im/AlmasB/FXGL
20:27:14.417 [JavaFX Application Thread] DEBUG MainWindow           - Creating a JavaFX scene
20:27:14.467 [JavaFX Application Thread] DEBUG MainWindow           - Target settings size: 1280.0 x 720.0
20:27:14.467 [JavaFX Application Thread] DEBUG MainWindow           - Scaled scene size:    1280.0 x 720.0
20:27:14.467 [JavaFX Application Thread] DEBUG MainWindow           - Scaled ratio: (1.0, 1.0)
20:27:14.468 [JavaFX Application Thread] DEBUG MainWindow           - Set initial scene to StartupScene
20:27:14.473 [JavaFX Application Thread] DEBUG MainWindow           - Opening main window
20:27:14.548 [JavaFX Application Thread] DEBUG MainWindow           - Window border size: (16.0, 39.0)
20:27:14.548 [JavaFX Application Thread] DEBUG MainWindow           - Scaled size: 1280.0 x 720.0
20:27:14.549 [JavaFX Application Thread] DEBUG MainWindow           - Scaled ratio: (1.0, 1.0)
20:27:14.549 [JavaFX Application Thread] DEBUG MainWindow           - Scene size: 1280.0 x 720.0
20:27:14.549 [JavaFX Application Thread] DEBUG MainWindow           - Stage size: 1296.0 x 759.0
20:27:14.556 [FXGL Background Thread 1 ] DEBUG Engine               - Initializing environment variables
20:27:14.581 [FXGL Background Thread 1 ] DEBUG GameApplicationServi - Applying CSS: fxgl_dark.css
20:27:14.582 [FXGL Background Thread 1 ] DEBUG FXGLAssetLoaderServi - Loading from file system: /assets/ui/css/fxgl_dark.css
20:27:14.623 [FXGL Background Thread 1 ] DEBUG GameApplicationServi - Initializing application scenes
20:27:14.680 [FXGL Background Thread 1 ] DEBUG GameWorld            - Game world initialized
20:27:14.717 [FXGL Background Thread 1 ] DEBUG PhysicsWorld         - Physics world initialized: appHeight=720, physics.ppm=50.0
20:27:14.719 [FXGL Background Thread 1 ] DEBUG GameScene            - Game scene initialized: 1280x720
20:27:14.719 [FXGL Background Thread 1 ] DEBUG GameApplicationServi - Application scenes initialized
20:27:14.731 [FXGL Background Thread 1 ] DEBUG SystemBundleService  - Loading FXGL system data
20:27:14.735 [FXGL Background Thread 1 ] DEBUG FileSystemAccess     - Reading from: D:\OrbitLand\Assets\Characters\Character Generator\tool\bin\system\fxgl.bundle
20:27:14.742 [FXGL Background Thread 1 ] DEBUG SystemBundleService  - Bundle FXGL: {}
20:27:14.742 [FXGL Background Thread 1 ] DEBUG UpdaterService       - Checking for updates
20:27:14.747 [FXGL Background Thread 1 ] DEBUG FXGLApplication      - Loading default localization
20:27:14.747 [FXGL Background Thread 1 ] DEBUG FXGLAssetLoaderServi - Loading from file system: /assets/languages/english.lang
20:27:14.748 [FXGL Background Thread 4 ] DEBUG FXGLApplication      - Loading fonts
20:27:14.748 [FXGL Background Thread 4 ] DEBUG FXGLAssetLoaderServi - Loading from file system: /assets/ui/fonts/VarelaRound-Regular.ttf
20:27:14.765 [FXGL Background Thread 1 ] INFO  FXGLApplication      - FXGL initialization took: 0.210 sec
20:27:14.788 [JavaFX Application Thread] DEBUG Input                - Registered new binding: Left - A
20:27:14.788 [JavaFX Application Thread] DEBUG Input                - Registered new binding: Right - D
20:27:14.788 [JavaFX Application Thread] DEBUG Input                - Registered new binding: Up - W
20:27:14.788 [JavaFX Application Thread] DEBUG Input                - Registered new binding: Down - S
20:27:14.788 [JavaFX Application Thread] DEBUG FXGLAssetLoaderServi - Loading from file system: /assets/textures/icon.png
20:27:14.811 [JavaFX Application Thread] DEBUG FXGLAssetLoaderServi - Loading from file system: /assets/ui/cursors/fxgl_default.png
20:27:14.813 [JavaFX Application Thread] DEBUG Input                - Registered new binding: Screenshot - P
20:27:14.814 [JavaFX Application Thread] DEBUG Input                - Registered new binding: System info dump - CTRL+9
20:27:14.814 [JavaFX Application Thread] DEBUG Input                - Registered new binding: Restart - CTRL+R
20:27:14.814 [JavaFX Application Thread] DEBUG Input                - Registered new binding: Toggle Debug Camera - CTRL+C
20:27:14.816 [JavaFX Application Thread] DEBUG LoopRunner           - Starting loop
20:27:14.816 [JavaFX Application Thread] DEBUG GameApplicationServi - Starting new game
20:27:14.817 [JavaFX Application Thread] DEBUG Input                - Clearing active input actions
20:27:14.826 [JavaFX Application Thread] DEBUG GameApplicationServi - Removing overlay from StartupScene and adding to FXGLLoadingScene
20:27:14.826 [JavaFX Application Thread] DEBUG MainWindow           - StartupScene -> FXGLLoadingScene
20:27:14.826 [JavaFX Application Thread] DEBUG GameApplicationServi - Clearing previous game
20:27:14.826 [JavaFX Application Thread] DEBUG GameScene            - Clearing game scene
20:27:14.826 [JavaFX Application Thread] DEBUG GameWorld            - Clearing game world
20:27:14.826 [JavaFX Application Thread] DEBUG PhysicsWorld         - Clearing physics world
20:27:14.828 [FXGL Background Thread 1 ] DEBUG FXGLApplication      - Initializing game
20:27:14.902 [FXGL Background Thread 4 ] DEBUG FXGLAssetLoaderServi - Loading from file system: /assets/ui/fonts/Abel-Regular.ttf
20:27:14.911 [FXGL Background Thread 4 ] DEBUG FXGLAssetLoaderServi - Loading from file system: /assets/ui/fonts/lucida_console.ttf
20:27:14.923 [FXGL Background Thread 4 ] DEBUG FXGLAssetLoaderServi - Loading from file system: /assets/ui/fonts/Courier-Prime.ttf
20:27:14.990 [JavaFX Application Thread] DEBUG FXGLApplication      - Registering font factories with UI factory
20:27:15.224 [FXGL Background Thread 2 ] WARN  UpdaterService       - Failed to find updates: javax.net.ssl.SSLHandshakeException: Received fatal alert: handshake_failure
20:27:15.570 [FXGL Background Thread 1 ] INFO  FXGLApplication      - Game initialization took: 0.742 sec
20:27:15.571 [JavaFX Application Thread] DEBUG Input                - Clearing active input actions
20:27:15.580 [JavaFX Application Thread] DEBUG GameApplicationServi - Removing overlay from FXGLLoadingScene and adding to GameScene
20:27:15.580 [JavaFX Application Thread] DEBUG MainWindow           - FXGLLoadingScene -> GameScene
20:27:17.746 [FXGL Background Thread 3 ] DEBUG Engine               - Logging environment variables
20:27:17.746 [FXGL Background Thread 3 ] DEBUG Engine               - achievements: []
20:27:17.746 [FXGL Background Thread 3 ] DEBUG Engine               - actualHeight: 720.0
20:27:17.746 [FXGL Background Thread 3 ] DEBUG Engine               - actualHeightProperty: ReadOnlyDoubleProperty [value: 720.0]
20:27:17.746 [FXGL Background Thread 3 ] DEBUG Engine               - actualWidth: 1280.0
20:27:17.746 [FXGL Background Thread 3 ] DEBUG Engine               - actualWidthProperty: ReadOnlyDoubleProperty [value: 1280.0]
20:27:17.746 [FXGL Background Thread 3 ] DEBUG Engine               - appIcon: icon.png
20:27:17.746 [FXGL Background Thread 3 ] DEBUG Engine               - applicationMode: DEVELOPER
20:27:17.746 [FXGL Background Thread 3 ] DEBUG Engine               - cSSList: [fxgl_dark.css]
20:27:17.747 [FXGL Background Thread 3 ] DEBUG Engine               - configClass: Optional.empty
20:27:17.747 [FXGL Background Thread 3 ] DEBUG Engine               - credits: []
20:27:17.747 [FXGL Background Thread 3 ] DEBUG Engine               - devBBoxColorProperty: ObjectProperty [value: 0xff0000ff]
20:27:17.747 [FXGL Background Thread 3 ] DEBUG Engine               - devEnableDebugCameraProperty: BooleanProperty [value: false]
20:27:17.747 [FXGL Background Thread 3 ] DEBUG Engine               - devSensorColorProperty: ObjectProperty [value: 0xffff00ff]
20:27:17.747 [FXGL Background Thread 3 ] DEBUG Engine               - devShowBBoxProperty: BooleanProperty [value: false]
20:27:17.747 [FXGL Background Thread 3 ] DEBUG Engine               - devShowPositionProperty: BooleanProperty [value: false]
20:27:17.747 [FXGL Background Thread 3 ] DEBUG Engine               - enabledMenuItems: []
20:27:17.747 [FXGL Background Thread 3 ] DEBUG Engine               - engineServices: [class com.almasb.fxgl.app.FXGLApplication$GameApplicationService, class com.almasb.fxgl.app.services.FXGLDialogService, class com.almasb.fxgl.app.services.IOTaskExecutorService, class com.almasb.fxgl.event.EventBusService, class com.almasb.fxgl.io.FileSystemService, class com.almasb.fxgl.localization.LocalizationService, class com.almasb.fxgl.app.services.FXGLAssetLoaderService, class com.almasb.fxgl.app.services.SystemBundleService, class com.almasb.fxgl.profile.SaveLoadService, class com.almasb.fxgl.ui.FXGLUIFactoryServiceProvider, class com.almasb.fxgl.ui.FXGLDialogFactoryServiceProvider, class com.almasb.fxgl.audio.AudioPlayer, class com.almasb.fxgl.notification.impl.NotificationServiceProvider, class com.almasb.fxgl.achievement.AchievementService, class com.almasb.fxgl.cutscene.CutsceneService, class com.almasb.fxgl.minigames.MiniGameService, class com.almasb.fxgl.net.NetService, class com.almasb.fxgl.app.services.UpdaterService, class com.almasb.fxgl.dev.DevService]
20:27:17.747 [FXGL Background Thread 3 ] DEBUG Engine               - fontGame: Abel-Regular.ttf
20:27:17.748 [FXGL Background Thread 3 ] DEBUG Engine               - fontMono: lucida_console.ttf
20:27:17.748 [FXGL Background Thread 3 ] DEBUG Engine               - fontText: Courier-Prime.ttf
20:27:17.748 [FXGL Background Thread 3 ] DEBUG Engine               - fontUI: VarelaRound-Regular.ttf
20:27:17.748 [FXGL Background Thread 3 ] DEBUG Engine               - fullScreen: BooleanProperty [value: false]
20:27:17.748 [FXGL Background Thread 3 ] DEBUG Engine               - gameDifficulty: MEDIUM
20:27:17.748 [FXGL Background Thread 3 ] DEBUG Engine               - gameDifficultyProperty: ObjectProperty [value: MEDIUM]
20:27:17.748 [FXGL Background Thread 3 ] DEBUG Engine               - globalMusicVolume: 0.5
20:27:17.748 [FXGL Background Thread 3 ] DEBUG Engine               - globalMusicVolumeProperty: DoubleProperty [value: 0.5]
20:27:17.748 [FXGL Background Thread 3 ] DEBUG Engine               - globalSoundVolume: 0.5
20:27:17.748 [FXGL Background Thread 3 ] DEBUG Engine               - globalSoundVolumeProperty: DoubleProperty [value: 0.5]
20:27:17.748 [FXGL Background Thread 3 ] DEBUG Engine               - height: 720
20:27:17.748 [FXGL Background Thread 3 ] DEBUG Engine               - isAndroid: false
20:27:17.749 [FXGL Background Thread 3 ] DEBUG Engine               - isBrowser: false
20:27:17.749 [FXGL Background Thread 3 ] DEBUG Engine               - isClickFeedbackEnabled: false
20:27:17.749 [FXGL Background Thread 3 ] DEBUG Engine               - isCloseConfirmation: false
20:27:17.749 [FXGL Background Thread 3 ] DEBUG Engine               - isDesktop: true
20:27:17.749 [FXGL Background Thread 3 ] DEBUG Engine               - isDeveloperMenuEnabled: false
20:27:17.749 [FXGL Background Thread 3 ] DEBUG Engine               - isEntityPreloadEnabled: true
20:27:17.749 [FXGL Background Thread 3 ] DEBUG Engine               - isExperimental3D: false
20:27:17.749 [FXGL Background Thread 3 ] DEBUG Engine               - isExperimentalNative: false
20:27:17.749 [FXGL Background Thread 3 ] DEBUG Engine               - isExperimentalTiledLargeMap: false
20:27:17.749 [FXGL Background Thread 3 ] DEBUG Engine               - isFileSystemWriteAllowed: true
20:27:17.749 [FXGL Background Thread 3 ] DEBUG Engine               - isFullScreenAllowed: false
20:27:17.749 [FXGL Background Thread 3 ] DEBUG Engine               - isFullScreenFromStart: false
20:27:17.749 [FXGL Background Thread 3 ] DEBUG Engine               - isGameMenuEnabled: false
20:27:17.750 [FXGL Background Thread 3 ] DEBUG Engine               - isIOS: false
20:27:17.750 [FXGL Background Thread 3 ] DEBUG Engine               - isIntroEnabled: false
20:27:17.750 [FXGL Background Thread 3 ] DEBUG Engine               - isLinux: false
20:27:17.750 [FXGL Background Thread 3 ] DEBUG Engine               - isMac: false
20:27:17.750 [FXGL Background Thread 3 ] DEBUG Engine               - isMainMenuEnabled: false
20:27:17.750 [FXGL Background Thread 3 ] DEBUG Engine               - isManualResizeEnabled: false
20:27:17.750 [FXGL Background Thread 3 ] DEBUG Engine               - isMobile: false
20:27:17.750 [FXGL Background Thread 3 ] DEBUG Engine               - isPreserveResizeRatio: false
20:27:17.750 [FXGL Background Thread 3 ] DEBUG Engine               - isProfilingEnabled: false
20:27:17.750 [FXGL Background Thread 3 ] DEBUG Engine               - isScaleAffectedOnResize: true
20:27:17.750 [FXGL Background Thread 3 ] DEBUG Engine               - isSingleStep: false
20:27:17.750 [FXGL Background Thread 3 ] DEBUG Engine               - isUserProfileEnabled: false
20:27:17.751 [FXGL Background Thread 3 ] DEBUG Engine               - isWindows: true
20:27:17.751 [FXGL Background Thread 3 ] DEBUG Engine               - language: ObjectProperty [value: ENGLISH]
20:27:17.751 [FXGL Background Thread 3 ] DEBUG Engine               - menuKey: ESCAPE
20:27:17.751 [FXGL Background Thread 3 ] DEBUG Engine               - notificationViewClass: class com.almasb.fxgl.notification.view.XboxNotificationView
20:27:17.751 [FXGL Background Thread 3 ] DEBUG Engine               - pixelsPerMeter: 50.0
20:27:17.751 [FXGL Background Thread 3 ] DEBUG Engine               - platform: WINDOWS
20:27:17.751 [FXGL Background Thread 3 ] DEBUG Engine               - prefHeightProperty: ReadOnlyDoubleProperty [value: 720.0]
20:27:17.751 [FXGL Background Thread 3 ] DEBUG Engine               - prefWidthProperty: ReadOnlyDoubleProperty [value: 1280.0]
20:27:17.751 [FXGL Background Thread 3 ] DEBUG Engine               - profileDir: profiles/
20:27:17.751 [FXGL Background Thread 3 ] DEBUG Engine               - profileName: StringProperty [value: DEFAULT]
20:27:17.751 [FXGL Background Thread 3 ] DEBUG Engine               - randomSeed: -1
20:27:17.751 [FXGL Background Thread 3 ] DEBUG Engine               - runtimeInfo: RuntimeInfo(platform=WINDOWS, version=dev-SNAPSHOT, build=25.12.2020 10.00)
20:27:17.751 [FXGL Background Thread 3 ] DEBUG Engine               - saveFileExt: sav
20:27:17.751 [FXGL Background Thread 3 ] DEBUG Engine               - scaledHeightProp$fxgl: DoubleProperty [bound, value: 720.0]
20:27:17.752 [FXGL Background Thread 3 ] DEBUG Engine               - scaledWidthProp$fxgl: DoubleProperty [bound, value: 1280.0]
20:27:17.752 [FXGL Background Thread 3 ] DEBUG Engine               - sceneFactory: com.almasb.fxgl.app.scene.SceneFactory@43dcc0e4
20:27:17.752 [FXGL Background Thread 3 ] DEBUG Engine               - secondsIn24h: 60
20:27:17.752 [FXGL Background Thread 3 ] DEBUG Engine               - soundMenuBack: menu/back.wav
20:27:17.752 [FXGL Background Thread 3 ] DEBUG Engine               - soundMenuPress: menu/press.wav
20:27:17.752 [FXGL Background Thread 3 ] DEBUG Engine               - soundMenuSelect: menu/select.wav
20:27:17.752 [FXGL Background Thread 3 ] DEBUG Engine               - soundNotification: core/notification.wav
20:27:17.752 [FXGL Background Thread 3 ] DEBUG Engine               - stageStyle: DECORATED
20:27:17.752 [FXGL Background Thread 3 ] DEBUG Engine               - supportedLanguages: [ENGLISH, FRENCH, GERMAN, HUNGARIAN, RUSSIAN]
20:27:17.752 [FXGL Background Thread 3 ] DEBUG Engine               - title: Modern Interiors Chargen Tool
20:27:17.752 [FXGL Background Thread 3 ] DEBUG Engine               - urlGithub: https://github.com/AlmasB/FXGL
20:27:17.752 [FXGL Background Thread 3 ] DEBUG Engine               - urlLeaderboard: http://fxgl-top.herokuapp.com/
20:27:17.752 [FXGL Background Thread 3 ] DEBUG Engine               - urlPOM: https://raw.githubusercontent.com/AlmasB/FXGL/master/README.md
20:27:17.752 [FXGL Background Thread 3 ] DEBUG Engine               - version: 1.0
20:27:17.752 [FXGL Background Thread 3 ] DEBUG Engine               - versionCheckDays: 7
20:27:17.752 [FXGL Background Thread 3 ] DEBUG Engine               - width: 1280
20:27:17.752 [FXGL Background Thread 3 ] DEBUG Engine               - Logging services
20:27:17.752 [FXGL Background Thread 3 ] DEBUG Engine               - class com.almasb.fxgl.app.FXGLApplication$GameApplicationService
20:27:17.753 [FXGL Background Thread 3 ] DEBUG Engine               - class com.almasb.fxgl.app.services.FXGLDialogService
20:27:17.753 [FXGL Background Thread 3 ] DEBUG Engine               - class com.almasb.fxgl.app.services.IOTaskExecutorService
20:27:17.753 [FXGL Background Thread 3 ] DEBUG Engine               - class com.almasb.fxgl.event.EventBusService
20:27:17.753 [FXGL Background Thread 3 ] DEBUG Engine               - class com.almasb.fxgl.io.FileSystemService
20:27:17.753 [FXGL Background Thread 3 ] DEBUG Engine               - class com.almasb.fxgl.localization.LocalizationService
20:27:17.753 [FXGL Background Thread 3 ] DEBUG Engine               - class com.almasb.fxgl.app.services.FXGLAssetLoaderService
20:27:17.753 [FXGL Background Thread 3 ] DEBUG Engine               - class com.almasb.fxgl.app.services.SystemBundleService
20:27:17.753 [FXGL Background Thread 3 ] DEBUG Engine               - class com.almasb.fxgl.profile.SaveLoadService
20:27:17.753 [FXGL Background Thread 3 ] DEBUG Engine               - class com.almasb.fxgl.ui.FXGLUIFactoryServiceProvider
20:27:17.753 [FXGL Background Thread 3 ] DEBUG Engine               - class com.almasb.fxgl.ui.FXGLDialogFactoryServiceProvider
20:27:17.753 [FXGL Background Thread 3 ] DEBUG Engine               - class com.almasb.fxgl.audio.AudioPlayer
20:27:17.753 [FXGL Background Thread 3 ] DEBUG Engine               - class com.almasb.fxgl.notification.impl.NotificationServiceProvider
20:27:17.753 [FXGL Background Thread 3 ] DEBUG Engine               - class com.almasb.fxgl.achievement.AchievementService
20:27:17.753 [FXGL Background Thread 3 ] DEBUG Engine               - class com.almasb.fxgl.cutscene.CutsceneService
20:27:17.753 [FXGL Background Thread 3 ] DEBUG Engine               - class com.almasb.fxgl.minigames.MiniGameService
20:27:17.753 [FXGL Background Thread 3 ] DEBUG Engine               - class com.almasb.fxgl.net.NetService
20:27:17.753 [FXGL Background Thread 3 ] DEBUG Engine               - class com.almasb.fxgl.app.services.UpdaterService
20:27:17.754 [FXGL Background Thread 3 ] DEBUG Engine               - class com.almasb.fxgl.dev.DevService
20:27:18.593 [JavaFX Application Thread] DEBUG FXGLApplication      - Exiting FXGL
20:27:18.594 [JavaFX Application Thread] DEBUG LoopRunner           - Stopping loop
20:27:18.594 [JavaFX Application Thread] DEBUG SystemBundleService  - Saving FXGL system data
20:27:18.595 [JavaFX Application Thread] DEBUG FileSystemAccess     - Writing to: D:\OrbitLand\Assets\Characters\Character Generator\tool\bin\system\fxgl.bundle
20:27:18.596 [JavaFX Application Thread] DEBUG Async                - Shutting down background threads
20:27:18.597 [JavaFX Application Thread] DEBUG MainWindow           - Closing main window
20:27:18.607 [JavaFX Application Thread] DEBUG Logger               - Closing Logger
