03:37:15.983 [main                     ] DEBUG Logger               - Configured Logger
03:37:16.013 [main                     ] DEBUG GameApplication      - Logging settings
Title: Modern Interiors Chargen Tool
Version: 1.0
Width: 1280
Height: 720
Fullscreen: false
Intro: false
Profiling: false
Single step:false
App Mode: DEVELOPER
Menu Key: ESCAPE
Stage Style: DECORATED
Scene Factory: class com.almasb.fxgl.app.scene.SceneFactory

03:37:16.484 [JavaFX Application Thread] DEBUG FXGLApplication      - Initializing FXGL
03:37:16.485 [JavaFX Application Thread] INFO  Engine               - FXGL-dev-SNAPSHOT (25.12.2020 10.00) on WINDOWS (J:14.0.1 FX:15)
03:37:16.486 [JavaFX Application Thread] DEBUG Engine               - JRE Vendor Name: Oracle Corporation
03:37:16.486 [JavaFX Application Thread] DEBUG Engine               - Running on OS: Windows 10 version 10.0
03:37:16.487 [JavaFX Application Thread] DEBUG Engine               - Architecture: amd64
03:37:16.487 [JavaFX Application Thread] INFO  Engine               - Source code and latest versions at: https://github.com/AlmasB/FXGL
03:37:16.487 [JavaFX Application Thread] INFO  Engine               -              Join the FXGL chat at: https://gitter.im/AlmasB/FXGL
03:37:16.593 [JavaFX Application Thread] DEBUG MainWindow           - Creating a JavaFX scene
03:37:16.663 [JavaFX Application Thread] DEBUG MainWindow           - Target settings size: 1280.0 x 720.0
03:37:16.663 [JavaFX Application Thread] DEBUG MainWindow           - Scaled scene size:    1280.0 x 720.0
03:37:16.663 [JavaFX Application Thread] DEBUG MainWindow           - Scaled ratio: (1.0, 1.0)
03:37:16.664 [JavaFX Application Thread] DEBUG MainWindow           - Set initial scene to StartupScene
03:37:16.670 [JavaFX Application Thread] DEBUG MainWindow           - Opening main window
03:37:16.776 [JavaFX Application Thread] DEBUG MainWindow           - Window border size: (16.0, 39.0)
03:37:16.776 [JavaFX Application Thread] DEBUG MainWindow           - Scaled size: 1280.0 x 720.0
03:37:16.776 [JavaFX Application Thread] DEBUG MainWindow           - Scaled ratio: (1.0, 1.0)
03:37:16.776 [JavaFX Application Thread] DEBUG MainWindow           - Scene size: 1280.0 x 720.0
03:37:16.777 [JavaFX Application Thread] DEBUG MainWindow           - Stage size: 1296.0 x 759.0
03:37:16.782 [FXGL Background Thread 1 ] DEBUG Engine               - Initializing environment variables
03:37:16.820 [FXGL Background Thread 1 ] DEBUG GameApplicationServi - Applying CSS: fxgl_dark.css
03:37:16.821 [FXGL Background Thread 1 ] DEBUG FXGLAssetLoaderServi - Loading from file system: /assets/ui/css/fxgl_dark.css
03:37:16.872 [FXGL Background Thread 1 ] DEBUG GameApplicationServi - Initializing application scenes
03:37:16.964 [FXGL Background Thread 1 ] DEBUG GameWorld            - Game world initialized
03:37:17.025 [FXGL Background Thread 1 ] DEBUG PhysicsWorld         - Physics world initialized: appHeight=720, physics.ppm=50.0
03:37:17.027 [FXGL Background Thread 1 ] DEBUG GameScene            - Game scene initialized: 1280x720
03:37:17.027 [FXGL Background Thread 1 ] DEBUG GameApplicationServi - Application scenes initialized
03:37:17.050 [FXGL Background Thread 1 ] DEBUG SystemBundleService  - Loading FXGL system data
03:37:17.062 [FXGL Background Thread 1 ] DEBUG FileSystemAccess     - Reading from: C:\Dev\STS\Workspace\chargen\target\tool\bin\system\fxgl.bundle
03:37:17.074 [FXGL Background Thread 1 ] DEBUG SystemBundleService  - Bundle FXGL: {}
03:37:17.074 [FXGL Background Thread 1 ] DEBUG UpdaterService       - Checking for updates
03:37:17.083 [FXGL Background Thread 1 ] DEBUG FXGLApplication      - Loading default localization
03:37:17.083 [FXGL Background Thread 1 ] DEBUG FXGLAssetLoaderServi - Loading from file system: /assets/languages/english.lang
03:37:17.123 [FXGL Background Thread 4 ] DEBUG FXGLApplication      - Loading fonts
03:37:17.123 [FXGL Background Thread 4 ] DEBUG FXGLAssetLoaderServi - Loading from file system: /assets/ui/fonts/VarelaRound-Regular.ttf
03:37:17.157 [FXGL Background Thread 1 ] INFO  FXGLApplication      - FXGL initialization took: 0.374 sec
03:37:17.216 [JavaFX Application Thread] DEBUG Input                - Registered new binding: Left - A
03:37:17.217 [JavaFX Application Thread] DEBUG Input                - Registered new binding: Right - D
03:37:17.219 [JavaFX Application Thread] DEBUG Input                - Registered new binding: Up - W
03:37:17.220 [JavaFX Application Thread] DEBUG Input                - Registered new binding: Down - S
03:37:17.221 [JavaFX Application Thread] DEBUG FXGLAssetLoaderServi - Loading from file system: /assets/textures/icon.png
03:37:17.278 [JavaFX Application Thread] DEBUG FXGLAssetLoaderServi - Loading from file system: /assets/ui/cursors/fxgl_default.png
03:37:17.282 [JavaFX Application Thread] DEBUG Input                - Registered new binding: Screenshot - P
03:37:17.282 [JavaFX Application Thread] DEBUG Input                - Registered new binding: System info dump - CTRL+9
03:37:17.283 [JavaFX Application Thread] DEBUG Input                - Registered new binding: Restart - CTRL+R
03:37:17.283 [JavaFX Application Thread] DEBUG Input                - Registered new binding: Toggle Debug Camera - CTRL+C
03:37:17.285 [JavaFX Application Thread] DEBUG LoopRunner           - Starting loop
03:37:17.286 [JavaFX Application Thread] DEBUG GameApplicationServi - Starting new game
03:37:17.286 [JavaFX Application Thread] DEBUG Input                - Clearing active input actions
03:37:17.301 [JavaFX Application Thread] DEBUG GameApplicationServi - Removing overlay from StartupScene and adding to FXGLLoadingScene
03:37:17.301 [JavaFX Application Thread] DEBUG MainWindow           - StartupScene -> FXGLLoadingScene
03:37:17.301 [JavaFX Application Thread] DEBUG GameApplicationServi - Clearing previous game
03:37:17.301 [JavaFX Application Thread] DEBUG GameScene            - Clearing game scene
03:37:17.302 [JavaFX Application Thread] DEBUG GameWorld            - Clearing game world
03:37:17.302 [JavaFX Application Thread] DEBUG PhysicsWorld         - Clearing physics world
03:37:17.304 [FXGL Background Thread 1 ] DEBUG FXGLApplication      - Initializing game
03:37:17.853 [FXGL Background Thread 4 ] DEBUG FXGLAssetLoaderServi - Loading from file system: /assets/ui/fonts/Abel-Regular.ttf
03:37:17.864 [FXGL Background Thread 4 ] DEBUG FXGLAssetLoaderServi - Loading from file system: /assets/ui/fonts/lucida_console.ttf
03:37:17.880 [FXGL Background Thread 4 ] DEBUG FXGLAssetLoaderServi - Loading from file system: /assets/ui/fonts/Courier-Prime.ttf
03:37:17.895 [JavaFX Application Thread] DEBUG FXGLApplication      - Registering font factories with UI factory
03:37:18.058 [FXGL Background Thread 2 ] WARN  UpdaterService       - Failed to find updates: javax.net.ssl.SSLHandshakeException: Received fatal alert: handshake_failure
03:37:18.187 [FXGL Background Thread 1 ] INFO  FXGLApplication      - Game initialization took: 0.883 sec
03:37:18.192 [JavaFX Application Thread] DEBUG Input                - Clearing active input actions
03:37:18.203 [JavaFX Application Thread] DEBUG GameApplicationServi - Removing overlay from FXGLLoadingScene and adding to GameScene
03:37:18.203 [JavaFX Application Thread] DEBUG MainWindow           - FXGLLoadingScene -> GameScene
03:37:20.082 [FXGL Background Thread 3 ] DEBUG Engine               - Logging environment variables
03:37:20.082 [FXGL Background Thread 3 ] DEBUG Engine               - achievements: []
03:37:20.082 [FXGL Background Thread 3 ] DEBUG Engine               - actualHeight: 720.0
03:37:20.083 [FXGL Background Thread 3 ] DEBUG Engine               - actualHeightProperty: ReadOnlyDoubleProperty [value: 720.0]
03:37:20.083 [FXGL Background Thread 3 ] DEBUG Engine               - actualWidth: 1280.0
03:37:20.083 [FXGL Background Thread 3 ] DEBUG Engine               - actualWidthProperty: ReadOnlyDoubleProperty [value: 1280.0]
03:37:20.083 [FXGL Background Thread 3 ] DEBUG Engine               - appIcon: icon.png
03:37:20.083 [FXGL Background Thread 3 ] DEBUG Engine               - applicationMode: DEVELOPER
03:37:20.083 [FXGL Background Thread 3 ] DEBUG Engine               - cSSList: [fxgl_dark.css]
03:37:20.083 [FXGL Background Thread 3 ] DEBUG Engine               - configClass: Optional.empty
03:37:20.083 [FXGL Background Thread 3 ] DEBUG Engine               - credits: []
03:37:20.084 [FXGL Background Thread 3 ] DEBUG Engine               - devBBoxColorProperty: ObjectProperty [value: 0xff0000ff]
03:37:20.084 [FXGL Background Thread 3 ] DEBUG Engine               - devEnableDebugCameraProperty: BooleanProperty [value: false]
03:37:20.084 [FXGL Background Thread 3 ] DEBUG Engine               - devSensorColorProperty: ObjectProperty [value: 0xffff00ff]
03:37:20.084 [FXGL Background Thread 3 ] DEBUG Engine               - devShowBBoxProperty: BooleanProperty [value: false]
03:37:20.084 [FXGL Background Thread 3 ] DEBUG Engine               - devShowPositionProperty: BooleanProperty [value: false]
03:37:20.084 [FXGL Background Thread 3 ] DEBUG Engine               - enabledMenuItems: []
03:37:20.085 [FXGL Background Thread 3 ] DEBUG Engine               - engineServices: [class com.almasb.fxgl.app.FXGLApplication$GameApplicationService, class com.almasb.fxgl.app.services.FXGLDialogService, class com.almasb.fxgl.app.services.IOTaskExecutorService, class com.almasb.fxgl.event.EventBusService, class com.almasb.fxgl.io.FileSystemService, class com.almasb.fxgl.localization.LocalizationService, class com.almasb.fxgl.app.services.FXGLAssetLoaderService, class com.almasb.fxgl.app.services.SystemBundleService, class com.almasb.fxgl.profile.SaveLoadService, class com.almasb.fxgl.ui.FXGLUIFactoryServiceProvider, class com.almasb.fxgl.ui.FXGLDialogFactoryServiceProvider, class com.almasb.fxgl.audio.AudioPlayer, class com.almasb.fxgl.notification.impl.NotificationServiceProvider, class com.almasb.fxgl.achievement.AchievementService, class com.almasb.fxgl.cutscene.CutsceneService, class com.almasb.fxgl.minigames.MiniGameService, class com.almasb.fxgl.net.NetService, class com.almasb.fxgl.app.services.UpdaterService, class com.almasb.fxgl.dev.DevService]
03:37:20.085 [FXGL Background Thread 3 ] DEBUG Engine               - fontGame: Abel-Regular.ttf
03:37:20.085 [FXGL Background Thread 3 ] DEBUG Engine               - fontMono: lucida_console.ttf
03:37:20.085 [FXGL Background Thread 3 ] DEBUG Engine               - fontText: Courier-Prime.ttf
03:37:20.085 [FXGL Background Thread 3 ] DEBUG Engine               - fontUI: VarelaRound-Regular.ttf
03:37:20.085 [FXGL Background Thread 3 ] DEBUG Engine               - fullScreen: BooleanProperty [value: false]
03:37:20.085 [FXGL Background Thread 3 ] DEBUG Engine               - gameDifficulty: MEDIUM
03:37:20.085 [FXGL Background Thread 3 ] DEBUG Engine               - gameDifficultyProperty: ObjectProperty [value: MEDIUM]
03:37:20.085 [FXGL Background Thread 3 ] DEBUG Engine               - globalMusicVolume: 0.5
03:37:20.086 [FXGL Background Thread 3 ] DEBUG Engine               - globalMusicVolumeProperty: DoubleProperty [value: 0.5]
03:37:20.086 [FXGL Background Thread 3 ] DEBUG Engine               - globalSoundVolume: 0.5
03:37:20.086 [FXGL Background Thread 3 ] DEBUG Engine               - globalSoundVolumeProperty: DoubleProperty [value: 0.5]
03:37:20.086 [FXGL Background Thread 3 ] DEBUG Engine               - height: 720
03:37:20.086 [FXGL Background Thread 3 ] DEBUG Engine               - isAndroid: false
03:37:20.086 [FXGL Background Thread 3 ] DEBUG Engine               - isBrowser: false
03:37:20.086 [FXGL Background Thread 3 ] DEBUG Engine               - isClickFeedbackEnabled: false
03:37:20.086 [FXGL Background Thread 3 ] DEBUG Engine               - isCloseConfirmation: false
03:37:20.087 [FXGL Background Thread 3 ] DEBUG Engine               - isDesktop: true
03:37:20.087 [FXGL Background Thread 3 ] DEBUG Engine               - isDeveloperMenuEnabled: false
03:37:20.087 [FXGL Background Thread 3 ] DEBUG Engine               - isEntityPreloadEnabled: true
03:37:20.087 [FXGL Background Thread 3 ] DEBUG Engine               - isExperimental3D: false
03:37:20.087 [FXGL Background Thread 3 ] DEBUG Engine               - isExperimentalNative: false
03:37:20.087 [FXGL Background Thread 3 ] DEBUG Engine               - isExperimentalTiledLargeMap: false
03:37:20.087 [FXGL Background Thread 3 ] DEBUG Engine               - isFileSystemWriteAllowed: true
03:37:20.087 [FXGL Background Thread 3 ] DEBUG Engine               - isFullScreenAllowed: false
03:37:20.088 [FXGL Background Thread 3 ] DEBUG Engine               - isFullScreenFromStart: false
03:37:20.088 [FXGL Background Thread 3 ] DEBUG Engine               - isGameMenuEnabled: false
03:37:20.088 [FXGL Background Thread 3 ] DEBUG Engine               - isIOS: false
03:37:20.088 [FXGL Background Thread 3 ] DEBUG Engine               - isIntroEnabled: false
03:37:20.088 [FXGL Background Thread 3 ] DEBUG Engine               - isLinux: false
03:37:20.088 [FXGL Background Thread 3 ] DEBUG Engine               - isMac: false
03:37:20.088 [FXGL Background Thread 3 ] DEBUG Engine               - isMainMenuEnabled: false
03:37:20.089 [FXGL Background Thread 3 ] DEBUG Engine               - isManualResizeEnabled: false
03:37:20.089 [FXGL Background Thread 3 ] DEBUG Engine               - isMobile: false
03:37:20.089 [FXGL Background Thread 3 ] DEBUG Engine               - isPreserveResizeRatio: false
03:37:20.089 [FXGL Background Thread 3 ] DEBUG Engine               - isProfilingEnabled: false
03:37:20.089 [FXGL Background Thread 3 ] DEBUG Engine               - isScaleAffectedOnResize: true
03:37:20.089 [FXGL Background Thread 3 ] DEBUG Engine               - isSingleStep: false
03:37:20.089 [FXGL Background Thread 3 ] DEBUG Engine               - isUserProfileEnabled: false
03:37:20.089 [FXGL Background Thread 3 ] DEBUG Engine               - isWindows: true
03:37:20.089 [FXGL Background Thread 3 ] DEBUG Engine               - language: ObjectProperty [value: ENGLISH]
03:37:20.089 [FXGL Background Thread 3 ] DEBUG Engine               - menuKey: ESCAPE
03:37:20.090 [FXGL Background Thread 3 ] DEBUG Engine               - notificationViewClass: class com.almasb.fxgl.notification.view.XboxNotificationView
03:37:20.090 [FXGL Background Thread 3 ] DEBUG Engine               - pixelsPerMeter: 50.0
03:37:20.090 [FXGL Background Thread 3 ] DEBUG Engine               - platform: WINDOWS
03:37:20.090 [FXGL Background Thread 3 ] DEBUG Engine               - prefHeightProperty: ReadOnlyDoubleProperty [value: 720.0]
03:37:20.090 [FXGL Background Thread 3 ] DEBUG Engine               - prefWidthProperty: ReadOnlyDoubleProperty [value: 1280.0]
03:37:20.090 [FXGL Background Thread 3 ] DEBUG Engine               - profileDir: profiles/
03:37:20.090 [FXGL Background Thread 3 ] DEBUG Engine               - profileName: StringProperty [value: DEFAULT]
03:37:20.090 [FXGL Background Thread 3 ] DEBUG Engine               - randomSeed: -1
03:37:20.090 [FXGL Background Thread 3 ] DEBUG Engine               - runtimeInfo: RuntimeInfo(platform=WINDOWS, version=dev-SNAPSHOT, build=25.12.2020 10.00)
03:37:20.091 [FXGL Background Thread 3 ] DEBUG Engine               - saveFileExt: sav
03:37:20.091 [FXGL Background Thread 3 ] DEBUG Engine               - scaledHeightProp$fxgl: DoubleProperty [bound, value: 720.0]
03:37:20.091 [FXGL Background Thread 3 ] DEBUG Engine               - scaledWidthProp$fxgl: DoubleProperty [bound, value: 1280.0]
03:37:20.091 [FXGL Background Thread 3 ] DEBUG Engine               - sceneFactory: com.almasb.fxgl.app.scene.SceneFactory@18ec7a95
03:37:20.091 [FXGL Background Thread 3 ] DEBUG Engine               - secondsIn24h: 60
03:37:20.091 [FXGL Background Thread 3 ] DEBUG Engine               - soundMenuBack: menu/back.wav
03:37:20.092 [FXGL Background Thread 3 ] DEBUG Engine               - soundMenuPress: menu/press.wav
03:37:20.092 [FXGL Background Thread 3 ] DEBUG Engine               - soundMenuSelect: menu/select.wav
03:37:20.092 [FXGL Background Thread 3 ] DEBUG Engine               - soundNotification: core/notification.wav
03:37:20.093 [FXGL Background Thread 3 ] DEBUG Engine               - stageStyle: DECORATED
03:37:20.093 [FXGL Background Thread 3 ] DEBUG Engine               - supportedLanguages: [ENGLISH, FRENCH, GERMAN, HUNGARIAN, RUSSIAN]
03:37:20.093 [FXGL Background Thread 3 ] DEBUG Engine               - title: Modern Interiors Chargen Tool
03:37:20.093 [FXGL Background Thread 3 ] DEBUG Engine               - urlGithub: https://github.com/AlmasB/FXGL
03:37:20.093 [FXGL Background Thread 3 ] DEBUG Engine               - urlLeaderboard: http://fxgl-top.herokuapp.com/
03:37:20.093 [FXGL Background Thread 3 ] DEBUG Engine               - urlPOM: https://raw.githubusercontent.com/AlmasB/FXGL/master/README.md
03:37:20.093 [FXGL Background Thread 3 ] DEBUG Engine               - version: 1.0
03:37:20.094 [FXGL Background Thread 3 ] DEBUG Engine               - versionCheckDays: 7
03:37:20.094 [FXGL Background Thread 3 ] DEBUG Engine               - width: 1280
03:37:20.094 [FXGL Background Thread 3 ] DEBUG Engine               - Logging services
03:37:20.094 [FXGL Background Thread 3 ] DEBUG Engine               - class com.almasb.fxgl.app.FXGLApplication$GameApplicationService
03:37:20.094 [FXGL Background Thread 3 ] DEBUG Engine               - class com.almasb.fxgl.app.services.FXGLDialogService
03:37:20.094 [FXGL Background Thread 3 ] DEBUG Engine               - class com.almasb.fxgl.app.services.IOTaskExecutorService
03:37:20.094 [FXGL Background Thread 3 ] DEBUG Engine               - class com.almasb.fxgl.event.EventBusService
03:37:20.094 [FXGL Background Thread 3 ] DEBUG Engine               - class com.almasb.fxgl.io.FileSystemService
03:37:20.095 [FXGL Background Thread 3 ] DEBUG Engine               - class com.almasb.fxgl.localization.LocalizationService
03:37:20.095 [FXGL Background Thread 3 ] DEBUG Engine               - class com.almasb.fxgl.app.services.FXGLAssetLoaderService
03:37:20.095 [FXGL Background Thread 3 ] DEBUG Engine               - class com.almasb.fxgl.app.services.SystemBundleService
03:37:20.095 [FXGL Background Thread 3 ] DEBUG Engine               - class com.almasb.fxgl.profile.SaveLoadService
03:37:20.095 [FXGL Background Thread 3 ] DEBUG Engine               - class com.almasb.fxgl.ui.FXGLUIFactoryServiceProvider
03:37:20.095 [FXGL Background Thread 3 ] DEBUG Engine               - class com.almasb.fxgl.ui.FXGLDialogFactoryServiceProvider
03:37:20.095 [FXGL Background Thread 3 ] DEBUG Engine               - class com.almasb.fxgl.audio.AudioPlayer
03:37:20.095 [FXGL Background Thread 3 ] DEBUG Engine               - class com.almasb.fxgl.notification.impl.NotificationServiceProvider
03:37:20.095 [FXGL Background Thread 3 ] DEBUG Engine               - class com.almasb.fxgl.achievement.AchievementService
03:37:20.095 [FXGL Background Thread 3 ] DEBUG Engine               - class com.almasb.fxgl.cutscene.CutsceneService
03:37:20.096 [FXGL Background Thread 3 ] DEBUG Engine               - class com.almasb.fxgl.minigames.MiniGameService
03:37:20.096 [FXGL Background Thread 3 ] DEBUG Engine               - class com.almasb.fxgl.net.NetService
03:37:20.096 [FXGL Background Thread 3 ] DEBUG Engine               - class com.almasb.fxgl.app.services.UpdaterService
03:37:20.096 [FXGL Background Thread 3 ] DEBUG Engine               - class com.almasb.fxgl.dev.DevService
03:37:26.746 [JavaFX Application Thread] DEBUG FXGLApplication      - Exiting FXGL
03:37:26.746 [JavaFX Application Thread] DEBUG LoopRunner           - Stopping loop
03:37:26.747 [JavaFX Application Thread] DEBUG SystemBundleService  - Saving FXGL system data
03:37:26.749 [JavaFX Application Thread] DEBUG FileSystemAccess     - Writing to: C:\Dev\STS\Workspace\chargen\target\tool\bin\system\fxgl.bundle
03:37:26.751 [JavaFX Application Thread] DEBUG Async                - Shutting down background threads
03:37:26.751 [JavaFX Application Thread] DEBUG MainWindow           - Closing main window
03:37:26.758 [JavaFX Application Thread] DEBUG Logger               - Closing Logger
