03:29:14.948 [main                     ] DEBUG Logger               - Configured Logger
03:29:14.981 [main                     ] DEBUG GameApplication      - Logging settings
Title: Modern Interiors Chargen Tool
Version: 1.0
Width: 1280
Height: 720
Fullscreen: false
Intro: false
Profiling: false
Single step:false
App Mode: DEVELOPER
Menu Key: ESCAPE
Stage Style: DECORATED
Scene Factory: class com.almasb.fxgl.app.scene.SceneFactory

03:29:15.447 [JavaFX Application Thread] DEBUG FXGLApplication      - Initializing FXGL
03:29:15.448 [JavaFX Application Thread] INFO  Engine               - FXGL-dev-SNAPSHOT (25.12.2020 10.00) on WINDOWS (J:14.0.1 FX:15)
03:29:15.450 [JavaFX Application Thread] DEBUG Engine               - JRE Vendor Name: Oracle Corporation
03:29:15.450 [JavaFX Application Thread] DEBUG Engine               - Running on OS: Windows 10 version 10.0
03:29:15.450 [JavaFX Application Thread] DEBUG Engine               - Architecture: amd64
03:29:15.450 [JavaFX Application Thread] INFO  Engine               - Source code and latest versions at: https://github.com/AlmasB/FXGL
03:29:15.450 [JavaFX Application Thread] INFO  Engine               -              Join the FXGL chat at: https://gitter.im/AlmasB/FXGL
03:29:15.553 [JavaFX Application Thread] DEBUG MainWindow           - Creating a JavaFX scene
03:29:15.621 [JavaFX Application Thread] DEBUG MainWindow           - Target settings size: 1280.0 x 720.0
03:29:15.622 [JavaFX Application Thread] DEBUG MainWindow           - Scaled scene size:    1280.0 x 720.0
03:29:15.622 [JavaFX Application Thread] DEBUG MainWindow           - Scaled ratio: (1.0, 1.0)
03:29:15.623 [JavaFX Application Thread] DEBUG MainWindow           - Set initial scene to StartupScene
03:29:15.631 [JavaFX Application Thread] DEBUG MainWindow           - Opening main window
03:29:15.731 [JavaFX Application Thread] DEBUG MainWindow           - Window border size: (16.0, 39.0)
03:29:15.732 [JavaFX Application Thread] DEBUG MainWindow           - Scaled size: 1280.0 x 720.0
03:29:15.732 [JavaFX Application Thread] DEBUG MainWindow           - Scaled ratio: (1.0, 1.0)
03:29:15.732 [JavaFX Application Thread] DEBUG MainWindow           - Scene size: 1280.0 x 720.0
03:29:15.732 [JavaFX Application Thread] DEBUG MainWindow           - Stage size: 1296.0 x 759.0
03:29:15.740 [FXGL Background Thread 1 ] DEBUG Engine               - Initializing environment variables
03:29:15.775 [FXGL Background Thread 1 ] DEBUG GameApplicationServi - Applying CSS: fxgl_dark.css
03:29:15.775 [FXGL Background Thread 1 ] DEBUG FXGLAssetLoaderServi - Loading from file system: /assets/ui/css/fxgl_dark.css
03:29:15.831 [FXGL Background Thread 1 ] DEBUG GameApplicationServi - Initializing application scenes
03:29:15.906 [FXGL Background Thread 1 ] DEBUG GameWorld            - Game world initialized
03:29:15.954 [FXGL Background Thread 1 ] DEBUG PhysicsWorld         - Physics world initialized: appHeight=720, physics.ppm=50.0
03:29:15.956 [FXGL Background Thread 1 ] DEBUG GameScene            - Game scene initialized: 1280x720
03:29:15.956 [FXGL Background Thread 1 ] DEBUG GameApplicationServi - Application scenes initialized
03:29:15.972 [FXGL Background Thread 1 ] DEBUG SystemBundleService  - Loading FXGL system data
03:29:15.975 [FXGL Background Thread 1 ] WARN  SystemBundleService  - Failed to load: java.io.FileNotFoundException: C:\Dev\STS\Workspace\chargen\target\game\bin\system\fxgl.bundle (The system cannot find the file specified)
03:29:15.976 [FXGL Background Thread 1 ] DEBUG SystemBundleService  - Loading default FXGL system data
03:29:15.976 [FXGL Background Thread 1 ] DEBUG UpdaterService       - Checking for updates
03:29:15.981 [FXGL Background Thread 1 ] DEBUG FXGLApplication      - Loading default localization
03:29:15.981 [FXGL Background Thread 4 ] DEBUG FXGLApplication      - Loading fonts
03:29:15.982 [FXGL Background Thread 1 ] DEBUG FXGLAssetLoaderServi - Loading from file system: /assets/languages/english.lang
03:29:15.982 [FXGL Background Thread 4 ] DEBUG FXGLAssetLoaderServi - Loading from file system: /assets/ui/fonts/VarelaRound-Regular.ttf
03:29:16.007 [FXGL Background Thread 1 ] INFO  FXGLApplication      - FXGL initialization took: 0.267 sec
03:29:16.035 [JavaFX Application Thread] DEBUG Input                - Registered new binding: Left - A
03:29:16.036 [JavaFX Application Thread] DEBUG Input                - Registered new binding: Right - D
03:29:16.036 [JavaFX Application Thread] DEBUG Input                - Registered new binding: Up - W
03:29:16.036 [JavaFX Application Thread] DEBUG Input                - Registered new binding: Down - S
03:29:16.036 [JavaFX Application Thread] DEBUG FXGLAssetLoaderServi - Loading from file system: /assets/textures/icon.png
03:29:16.069 [JavaFX Application Thread] DEBUG FXGLAssetLoaderServi - Loading from file system: /assets/ui/cursors/fxgl_default.png
03:29:16.072 [JavaFX Application Thread] DEBUG Input                - Registered new binding: Screenshot - P
03:29:16.073 [JavaFX Application Thread] DEBUG Input                - Registered new binding: System info dump - CTRL+9
03:29:16.073 [JavaFX Application Thread] DEBUG Input                - Registered new binding: Restart - CTRL+R
03:29:16.073 [JavaFX Application Thread] DEBUG Input                - Registered new binding: Toggle Debug Camera - CTRL+C
03:29:16.075 [JavaFX Application Thread] DEBUG LoopRunner           - Starting loop
03:29:16.076 [JavaFX Application Thread] DEBUG GameApplicationServi - Starting new game
03:29:16.077 [JavaFX Application Thread] DEBUG Input                - Clearing active input actions
03:29:16.090 [JavaFX Application Thread] DEBUG GameApplicationServi - Removing overlay from StartupScene and adding to FXGLLoadingScene
03:29:16.090 [JavaFX Application Thread] DEBUG MainWindow           - StartupScene -> FXGLLoadingScene
03:29:16.090 [JavaFX Application Thread] DEBUG GameApplicationServi - Clearing previous game
03:29:16.090 [JavaFX Application Thread] DEBUG GameScene            - Clearing game scene
03:29:16.090 [JavaFX Application Thread] DEBUG GameWorld            - Clearing game world
03:29:16.091 [JavaFX Application Thread] DEBUG PhysicsWorld         - Clearing physics world
03:29:16.094 [FXGL Background Thread 1 ] DEBUG FXGLApplication      - Initializing game
03:29:16.257 [FXGL Background Thread 4 ] DEBUG FXGLAssetLoaderServi - Loading from file system: /assets/ui/fonts/Abel-Regular.ttf
03:29:16.275 [FXGL Background Thread 4 ] DEBUG FXGLAssetLoaderServi - Loading from file system: /assets/ui/fonts/lucida_console.ttf
03:29:16.300 [FXGL Background Thread 4 ] DEBUG FXGLAssetLoaderServi - Loading from file system: /assets/ui/fonts/Courier-Prime.ttf
03:29:16.344 [JavaFX Application Thread] DEBUG FXGLApplication      - Registering font factories with UI factory
03:29:16.548 [FXGL Background Thread 2 ] WARN  UpdaterService       - Failed to find updates: javax.net.ssl.SSLHandshakeException: Received fatal alert: handshake_failure
03:29:16.919 [FXGL Background Thread 1 ] INFO  FXGLApplication      - Game initialization took: 0.825 sec
03:29:16.919 [JavaFX Application Thread] DEBUG Input                - Clearing active input actions
03:29:16.932 [JavaFX Application Thread] DEBUG GameApplicationServi - Removing overlay from FXGLLoadingScene and adding to GameScene
03:29:16.932 [JavaFX Application Thread] DEBUG MainWindow           - FXGLLoadingScene -> GameScene
03:29:18.980 [FXGL Background Thread 3 ] DEBUG Engine               - Logging environment variables
03:29:18.982 [FXGL Background Thread 3 ] DEBUG Engine               - achievements: []
03:29:18.982 [FXGL Background Thread 3 ] DEBUG Engine               - actualHeight: 720.0
03:29:18.983 [FXGL Background Thread 3 ] DEBUG Engine               - actualHeightProperty: ReadOnlyDoubleProperty [value: 720.0]
03:29:18.983 [FXGL Background Thread 3 ] DEBUG Engine               - actualWidth: 1280.0
03:29:18.983 [FXGL Background Thread 3 ] DEBUG Engine               - actualWidthProperty: ReadOnlyDoubleProperty [value: 1280.0]
03:29:18.984 [FXGL Background Thread 3 ] DEBUG Engine               - appIcon: icon.png
03:29:18.984 [FXGL Background Thread 3 ] DEBUG Engine               - applicationMode: DEVELOPER
03:29:18.984 [FXGL Background Thread 3 ] DEBUG Engine               - cSSList: [fxgl_dark.css]
03:29:18.984 [FXGL Background Thread 3 ] DEBUG Engine               - configClass: Optional.empty
03:29:18.984 [FXGL Background Thread 3 ] DEBUG Engine               - credits: []
03:29:18.985 [FXGL Background Thread 3 ] DEBUG Engine               - devBBoxColorProperty: ObjectProperty [value: 0xff0000ff]
03:29:18.985 [FXGL Background Thread 3 ] DEBUG Engine               - devEnableDebugCameraProperty: BooleanProperty [value: false]
03:29:18.985 [FXGL Background Thread 3 ] DEBUG Engine               - devSensorColorProperty: ObjectProperty [value: 0xffff00ff]
03:29:18.985 [FXGL Background Thread 3 ] DEBUG Engine               - devShowBBoxProperty: BooleanProperty [value: false]
03:29:18.985 [FXGL Background Thread 3 ] DEBUG Engine               - devShowPositionProperty: BooleanProperty [value: false]
03:29:18.986 [FXGL Background Thread 3 ] DEBUG Engine               - enabledMenuItems: []
03:29:18.986 [FXGL Background Thread 3 ] DEBUG Engine               - engineServices: [class com.almasb.fxgl.app.FXGLApplication$GameApplicationService, class com.almasb.fxgl.app.services.FXGLDialogService, class com.almasb.fxgl.app.services.IOTaskExecutorService, class com.almasb.fxgl.event.EventBusService, class com.almasb.fxgl.io.FileSystemService, class com.almasb.fxgl.localization.LocalizationService, class com.almasb.fxgl.app.services.FXGLAssetLoaderService, class com.almasb.fxgl.app.services.SystemBundleService, class com.almasb.fxgl.profile.SaveLoadService, class com.almasb.fxgl.ui.FXGLUIFactoryServiceProvider, class com.almasb.fxgl.ui.FXGLDialogFactoryServiceProvider, class com.almasb.fxgl.audio.AudioPlayer, class com.almasb.fxgl.notification.impl.NotificationServiceProvider, class com.almasb.fxgl.achievement.AchievementService, class com.almasb.fxgl.cutscene.CutsceneService, class com.almasb.fxgl.minigames.MiniGameService, class com.almasb.fxgl.net.NetService, class com.almasb.fxgl.app.services.UpdaterService, class com.almasb.fxgl.dev.DevService]
03:29:18.986 [FXGL Background Thread 3 ] DEBUG Engine               - fontGame: Abel-Regular.ttf
03:29:18.986 [FXGL Background Thread 3 ] DEBUG Engine               - fontMono: lucida_console.ttf
03:29:18.986 [FXGL Background Thread 3 ] DEBUG Engine               - fontText: Courier-Prime.ttf
03:29:18.986 [FXGL Background Thread 3 ] DEBUG Engine               - fontUI: VarelaRound-Regular.ttf
03:29:18.986 [FXGL Background Thread 3 ] DEBUG Engine               - fullScreen: BooleanProperty [value: false]
03:29:18.986 [FXGL Background Thread 3 ] DEBUG Engine               - gameDifficulty: MEDIUM
03:29:18.987 [FXGL Background Thread 3 ] DEBUG Engine               - gameDifficultyProperty: ObjectProperty [value: MEDIUM]
03:29:18.987 [FXGL Background Thread 3 ] DEBUG Engine               - globalMusicVolume: 0.5
03:29:18.987 [FXGL Background Thread 3 ] DEBUG Engine               - globalMusicVolumeProperty: DoubleProperty [value: 0.5]
03:29:18.987 [FXGL Background Thread 3 ] DEBUG Engine               - globalSoundVolume: 0.5
03:29:18.988 [FXGL Background Thread 3 ] DEBUG Engine               - globalSoundVolumeProperty: DoubleProperty [value: 0.5]
03:29:18.988 [FXGL Background Thread 3 ] DEBUG Engine               - height: 720
03:29:18.988 [FXGL Background Thread 3 ] DEBUG Engine               - isAndroid: false
03:29:18.988 [FXGL Background Thread 3 ] DEBUG Engine               - isBrowser: false
03:29:18.988 [FXGL Background Thread 3 ] DEBUG Engine               - isClickFeedbackEnabled: false
03:29:18.988 [FXGL Background Thread 3 ] DEBUG Engine               - isCloseConfirmation: false
03:29:18.988 [FXGL Background Thread 3 ] DEBUG Engine               - isDesktop: true
03:29:18.989 [FXGL Background Thread 3 ] DEBUG Engine               - isDeveloperMenuEnabled: false
03:29:18.989 [FXGL Background Thread 3 ] DEBUG Engine               - isEntityPreloadEnabled: true
03:29:18.989 [FXGL Background Thread 3 ] DEBUG Engine               - isExperimental3D: false
03:29:18.989 [FXGL Background Thread 3 ] DEBUG Engine               - isExperimentalNative: false
03:29:18.989 [FXGL Background Thread 3 ] DEBUG Engine               - isExperimentalTiledLargeMap: false
03:29:18.989 [FXGL Background Thread 3 ] DEBUG Engine               - isFileSystemWriteAllowed: true
03:29:18.989 [FXGL Background Thread 3 ] DEBUG Engine               - isFullScreenAllowed: false
03:29:18.989 [FXGL Background Thread 3 ] DEBUG Engine               - isFullScreenFromStart: false
03:29:18.990 [FXGL Background Thread 3 ] DEBUG Engine               - isGameMenuEnabled: false
03:29:18.990 [FXGL Background Thread 3 ] DEBUG Engine               - isIOS: false
03:29:18.990 [FXGL Background Thread 3 ] DEBUG Engine               - isIntroEnabled: false
03:29:18.990 [FXGL Background Thread 3 ] DEBUG Engine               - isLinux: false
03:29:18.990 [FXGL Background Thread 3 ] DEBUG Engine               - isMac: false
03:29:18.990 [FXGL Background Thread 3 ] DEBUG Engine               - isMainMenuEnabled: false
03:29:18.990 [FXGL Background Thread 3 ] DEBUG Engine               - isManualResizeEnabled: false
03:29:18.990 [FXGL Background Thread 3 ] DEBUG Engine               - isMobile: false
03:29:18.990 [FXGL Background Thread 3 ] DEBUG Engine               - isPreserveResizeRatio: false
03:29:18.990 [FXGL Background Thread 3 ] DEBUG Engine               - isProfilingEnabled: false
03:29:18.991 [FXGL Background Thread 3 ] DEBUG Engine               - isScaleAffectedOnResize: true
03:29:18.991 [FXGL Background Thread 3 ] DEBUG Engine               - isSingleStep: false
03:29:18.991 [FXGL Background Thread 3 ] DEBUG Engine               - isUserProfileEnabled: false
03:29:18.991 [FXGL Background Thread 3 ] DEBUG Engine               - isWindows: true
03:29:18.991 [FXGL Background Thread 3 ] DEBUG Engine               - language: ObjectProperty [value: ENGLISH]
03:29:18.991 [FXGL Background Thread 3 ] DEBUG Engine               - menuKey: ESCAPE
03:29:18.991 [FXGL Background Thread 3 ] DEBUG Engine               - notificationViewClass: class com.almasb.fxgl.notification.view.XboxNotificationView
03:29:18.991 [FXGL Background Thread 3 ] DEBUG Engine               - pixelsPerMeter: 50.0
03:29:18.992 [FXGL Background Thread 3 ] DEBUG Engine               - platform: WINDOWS
03:29:18.992 [FXGL Background Thread 3 ] DEBUG Engine               - prefHeightProperty: ReadOnlyDoubleProperty [value: 720.0]
03:29:18.992 [FXGL Background Thread 3 ] DEBUG Engine               - prefWidthProperty: ReadOnlyDoubleProperty [value: 1280.0]
03:29:18.992 [FXGL Background Thread 3 ] DEBUG Engine               - profileDir: profiles/
03:29:18.992 [FXGL Background Thread 3 ] DEBUG Engine               - profileName: StringProperty [value: DEFAULT]
03:29:18.992 [FXGL Background Thread 3 ] DEBUG Engine               - randomSeed: -1
03:29:18.992 [FXGL Background Thread 3 ] DEBUG Engine               - runtimeInfo: RuntimeInfo(platform=WINDOWS, version=dev-SNAPSHOT, build=25.12.2020 10.00)
03:29:18.993 [FXGL Background Thread 3 ] DEBUG Engine               - saveFileExt: sav
03:29:18.993 [FXGL Background Thread 3 ] DEBUG Engine               - scaledHeightProp$fxgl: DoubleProperty [bound, value: 720.0]
03:29:18.993 [FXGL Background Thread 3 ] DEBUG Engine               - scaledWidthProp$fxgl: DoubleProperty [bound, value: 1280.0]
03:29:18.993 [FXGL Background Thread 3 ] DEBUG Engine               - sceneFactory: com.almasb.fxgl.app.scene.SceneFactory@7da62f15
03:29:18.993 [FXGL Background Thread 3 ] DEBUG Engine               - secondsIn24h: 60
03:29:18.993 [FXGL Background Thread 3 ] DEBUG Engine               - soundMenuBack: menu/back.wav
03:29:18.993 [FXGL Background Thread 3 ] DEBUG Engine               - soundMenuPress: menu/press.wav
03:29:18.993 [FXGL Background Thread 3 ] DEBUG Engine               - soundMenuSelect: menu/select.wav
03:29:18.993 [FXGL Background Thread 3 ] DEBUG Engine               - soundNotification: core/notification.wav
03:29:18.993 [FXGL Background Thread 3 ] DEBUG Engine               - stageStyle: DECORATED
03:29:18.994 [FXGL Background Thread 3 ] DEBUG Engine               - supportedLanguages: [ENGLISH, FRENCH, GERMAN, HUNGARIAN, RUSSIAN]
03:29:18.994 [FXGL Background Thread 3 ] DEBUG Engine               - title: Modern Interiors Chargen Tool
03:29:18.994 [FXGL Background Thread 3 ] DEBUG Engine               - urlGithub: https://github.com/AlmasB/FXGL
03:29:18.994 [FXGL Background Thread 3 ] DEBUG Engine               - urlLeaderboard: http://fxgl-top.herokuapp.com/
03:29:18.994 [FXGL Background Thread 3 ] DEBUG Engine               - urlPOM: https://raw.githubusercontent.com/AlmasB/FXGL/master/README.md
03:29:18.994 [FXGL Background Thread 3 ] DEBUG Engine               - version: 1.0
03:29:18.994 [FXGL Background Thread 3 ] DEBUG Engine               - versionCheckDays: 7
03:29:18.994 [FXGL Background Thread 3 ] DEBUG Engine               - width: 1280
03:29:18.994 [FXGL Background Thread 3 ] DEBUG Engine               - Logging services
03:29:18.994 [FXGL Background Thread 3 ] DEBUG Engine               - class com.almasb.fxgl.app.FXGLApplication$GameApplicationService
03:29:18.995 [FXGL Background Thread 3 ] DEBUG Engine               - class com.almasb.fxgl.app.services.FXGLDialogService
03:29:18.995 [FXGL Background Thread 3 ] DEBUG Engine               - class com.almasb.fxgl.app.services.IOTaskExecutorService
03:29:18.995 [FXGL Background Thread 3 ] DEBUG Engine               - class com.almasb.fxgl.event.EventBusService
03:29:18.995 [FXGL Background Thread 3 ] DEBUG Engine               - class com.almasb.fxgl.io.FileSystemService
03:29:18.995 [FXGL Background Thread 3 ] DEBUG Engine               - class com.almasb.fxgl.localization.LocalizationService
03:29:18.995 [FXGL Background Thread 3 ] DEBUG Engine               - class com.almasb.fxgl.app.services.FXGLAssetLoaderService
03:29:18.995 [FXGL Background Thread 3 ] DEBUG Engine               - class com.almasb.fxgl.app.services.SystemBundleService
03:29:18.995 [FXGL Background Thread 3 ] DEBUG Engine               - class com.almasb.fxgl.profile.SaveLoadService
03:29:18.995 [FXGL Background Thread 3 ] DEBUG Engine               - class com.almasb.fxgl.ui.FXGLUIFactoryServiceProvider
03:29:18.995 [FXGL Background Thread 3 ] DEBUG Engine               - class com.almasb.fxgl.ui.FXGLDialogFactoryServiceProvider
03:29:18.996 [FXGL Background Thread 3 ] DEBUG Engine               - class com.almasb.fxgl.audio.AudioPlayer
03:29:18.996 [FXGL Background Thread 3 ] DEBUG Engine               - class com.almasb.fxgl.notification.impl.NotificationServiceProvider
03:29:18.996 [FXGL Background Thread 3 ] DEBUG Engine               - class com.almasb.fxgl.achievement.AchievementService
03:29:18.996 [FXGL Background Thread 3 ] DEBUG Engine               - class com.almasb.fxgl.cutscene.CutsceneService
03:29:18.996 [FXGL Background Thread 3 ] DEBUG Engine               - class com.almasb.fxgl.minigames.MiniGameService
03:29:18.996 [FXGL Background Thread 3 ] DEBUG Engine               - class com.almasb.fxgl.net.NetService
03:29:18.996 [FXGL Background Thread 3 ] DEBUG Engine               - class com.almasb.fxgl.app.services.UpdaterService
03:29:18.996 [FXGL Background Thread 3 ] DEBUG Engine               - class com.almasb.fxgl.dev.DevService
03:29:26.746 [JavaFX Application Thread] DEBUG FXGLAssetLoaderServi - Clearing assets cache
03:29:26.848 [JavaFX Application Thread] DEBUG FXGLAssetLoaderServi - Clearing assets cache
03:29:26.958 [JavaFX Application Thread] DEBUG FXGLAssetLoaderServi - Clearing assets cache
03:29:27.058 [JavaFX Application Thread] DEBUG FXGLAssetLoaderServi - Clearing assets cache
03:29:27.168 [JavaFX Application Thread] DEBUG FXGLAssetLoaderServi - Clearing assets cache
03:32:50.493 [JavaFX Application Thread] DEBUG FXGLAssetLoaderServi - Clearing assets cache
03:32:51.351 [JavaFX Application Thread] DEBUG FXGLAssetLoaderServi - Clearing assets cache
03:32:51.860 [JavaFX Application Thread] DEBUG FXGLAssetLoaderServi - Clearing assets cache
03:32:51.969 [JavaFX Application Thread] DEBUG FXGLAssetLoaderServi - Clearing assets cache
03:32:52.079 [JavaFX Application Thread] DEBUG FXGLAssetLoaderServi - Clearing assets cache
03:32:52.190 [JavaFX Application Thread] DEBUG FXGLAssetLoaderServi - Clearing assets cache
03:32:52.311 [JavaFX Application Thread] DEBUG FXGLAssetLoaderServi - Clearing assets cache
03:32:52.415 [JavaFX Application Thread] DEBUG FXGLAssetLoaderServi - Clearing assets cache
03:32:52.517 [JavaFX Application Thread] DEBUG FXGLAssetLoaderServi - Clearing assets cache
03:32:52.625 [JavaFX Application Thread] DEBUG FXGLAssetLoaderServi - Clearing assets cache
03:32:52.730 [JavaFX Application Thread] DEBUG FXGLAssetLoaderServi - Clearing assets cache
03:32:52.832 [JavaFX Application Thread] DEBUG FXGLAssetLoaderServi - Clearing assets cache
03:32:52.932 [JavaFX Application Thread] DEBUG FXGLAssetLoaderServi - Clearing assets cache
03:32:53.032 [JavaFX Application Thread] DEBUG FXGLAssetLoaderServi - Clearing assets cache
03:32:53.132 [JavaFX Application Thread] DEBUG FXGLAssetLoaderServi - Clearing assets cache
03:32:53.233 [JavaFX Application Thread] DEBUG FXGLAssetLoaderServi - Clearing assets cache
03:32:53.335 [JavaFX Application Thread] DEBUG FXGLAssetLoaderServi - Clearing assets cache
03:32:53.435 [JavaFX Application Thread] DEBUG FXGLAssetLoaderServi - Clearing assets cache
03:32:53.535 [JavaFX Application Thread] DEBUG FXGLAssetLoaderServi - Clearing assets cache
03:32:53.635 [JavaFX Application Thread] DEBUG FXGLAssetLoaderServi - Clearing assets cache
03:32:53.736 [JavaFX Application Thread] DEBUG FXGLAssetLoaderServi - Clearing assets cache
03:32:53.836 [JavaFX Application Thread] DEBUG FXGLAssetLoaderServi - Clearing assets cache
03:32:53.939 [JavaFX Application Thread] DEBUG FXGLAssetLoaderServi - Clearing assets cache
03:32:54.043 [JavaFX Application Thread] DEBUG FXGLAssetLoaderServi - Clearing assets cache
03:32:54.150 [JavaFX Application Thread] DEBUG FXGLAssetLoaderServi - Clearing assets cache
03:32:54.257 [JavaFX Application Thread] DEBUG FXGLAssetLoaderServi - Clearing assets cache
03:32:54.364 [JavaFX Application Thread] DEBUG FXGLAssetLoaderServi - Clearing assets cache
03:32:54.468 [JavaFX Application Thread] DEBUG FXGLAssetLoaderServi - Clearing assets cache
03:32:54.574 [JavaFX Application Thread] DEBUG FXGLAssetLoaderServi - Clearing assets cache
03:32:54.682 [JavaFX Application Thread] DEBUG FXGLAssetLoaderServi - Clearing assets cache
03:32:54.786 [JavaFX Application Thread] DEBUG FXGLAssetLoaderServi - Clearing assets cache
03:32:54.888 [JavaFX Application Thread] DEBUG FXGLAssetLoaderServi - Clearing assets cache
03:32:54.990 [JavaFX Application Thread] DEBUG FXGLAssetLoaderServi - Clearing assets cache
03:32:55.099 [JavaFX Application Thread] DEBUG FXGLAssetLoaderServi - Clearing assets cache
03:32:55.201 [JavaFX Application Thread] DEBUG FXGLAssetLoaderServi - Clearing assets cache
03:32:55.303 [JavaFX Application Thread] DEBUG FXGLAssetLoaderServi - Clearing assets cache
03:32:55.404 [JavaFX Application Thread] DEBUG FXGLAssetLoaderServi - Clearing assets cache
03:32:55.506 [JavaFX Application Thread] DEBUG FXGLAssetLoaderServi - Clearing assets cache
03:32:55.594 [JavaFX Application Thread] DEBUG FXGLAssetLoaderServi - Clearing assets cache
03:32:55.677 [JavaFX Application Thread] DEBUG FXGLAssetLoaderServi - Clearing assets cache
03:32:55.754 [JavaFX Application Thread] DEBUG FXGLAssetLoaderServi - Clearing assets cache
03:32:55.854 [JavaFX Application Thread] DEBUG FXGLAssetLoaderServi - Clearing assets cache
03:32:55.966 [JavaFX Application Thread] DEBUG FXGLAssetLoaderServi - Clearing assets cache
03:32:56.068 [JavaFX Application Thread] DEBUG FXGLAssetLoaderServi - Clearing assets cache
03:32:56.168 [JavaFX Application Thread] DEBUG FXGLAssetLoaderServi - Clearing assets cache
03:32:56.275 [JavaFX Application Thread] DEBUG FXGLAssetLoaderServi - Clearing assets cache
03:32:56.371 [JavaFX Application Thread] DEBUG FXGLAssetLoaderServi - Clearing assets cache
03:32:56.482 [JavaFX Application Thread] DEBUG FXGLAssetLoaderServi - Clearing assets cache
03:32:56.582 [JavaFX Application Thread] DEBUG FXGLAssetLoaderServi - Clearing assets cache
03:32:56.681 [JavaFX Application Thread] DEBUG FXGLAssetLoaderServi - Clearing assets cache
03:32:56.785 [JavaFX Application Thread] DEBUG FXGLAssetLoaderServi - Clearing assets cache
03:32:56.882 [JavaFX Application Thread] DEBUG FXGLAssetLoaderServi - Clearing assets cache
03:32:56.980 [JavaFX Application Thread] DEBUG FXGLAssetLoaderServi - Clearing assets cache
03:32:57.081 [JavaFX Application Thread] DEBUG FXGLAssetLoaderServi - Clearing assets cache
03:32:57.182 [JavaFX Application Thread] DEBUG FXGLAssetLoaderServi - Clearing assets cache
03:32:57.284 [JavaFX Application Thread] DEBUG FXGLAssetLoaderServi - Clearing assets cache
03:32:57.384 [JavaFX Application Thread] DEBUG FXGLAssetLoaderServi - Clearing assets cache
03:32:57.483 [JavaFX Application Thread] DEBUG FXGLAssetLoaderServi - Clearing assets cache
03:32:57.582 [JavaFX Application Thread] DEBUG FXGLAssetLoaderServi - Clearing assets cache
03:32:57.682 [JavaFX Application Thread] DEBUG FXGLAssetLoaderServi - Clearing assets cache
03:32:57.791 [JavaFX Application Thread] DEBUG FXGLAssetLoaderServi - Clearing assets cache
03:32:57.892 [JavaFX Application Thread] DEBUG FXGLAssetLoaderServi - Clearing assets cache
03:32:57.993 [JavaFX Application Thread] DEBUG FXGLAssetLoaderServi - Clearing assets cache
03:32:58.093 [JavaFX Application Thread] DEBUG FXGLAssetLoaderServi - Clearing assets cache
03:32:58.193 [JavaFX Application Thread] DEBUG FXGLAssetLoaderServi - Clearing assets cache
03:32:58.299 [JavaFX Application Thread] DEBUG FXGLAssetLoaderServi - Clearing assets cache
03:32:58.397 [JavaFX Application Thread] DEBUG FXGLAssetLoaderServi - Clearing assets cache
03:32:58.499 [JavaFX Application Thread] DEBUG FXGLAssetLoaderServi - Clearing assets cache
03:32:58.597 [JavaFX Application Thread] DEBUG FXGLAssetLoaderServi - Clearing assets cache
03:32:58.701 [JavaFX Application Thread] DEBUG FXGLAssetLoaderServi - Clearing assets cache
03:32:58.801 [JavaFX Application Thread] DEBUG FXGLAssetLoaderServi - Clearing assets cache
03:32:58.902 [JavaFX Application Thread] DEBUG FXGLAssetLoaderServi - Clearing assets cache
03:32:58.999 [JavaFX Application Thread] DEBUG FXGLAssetLoaderServi - Clearing assets cache
03:32:59.097 [JavaFX Application Thread] DEBUG FXGLAssetLoaderServi - Clearing assets cache
03:32:59.196 [JavaFX Application Thread] DEBUG FXGLAssetLoaderServi - Clearing assets cache
03:32:59.294 [JavaFX Application Thread] DEBUG FXGLAssetLoaderServi - Clearing assets cache
03:36:40.543 [JavaFX Application Thread] DEBUG FXGLAssetLoaderServi - Clearing assets cache
03:36:40.906 [JavaFX Application Thread] DEBUG FXGLAssetLoaderServi - Clearing assets cache
03:36:41.412 [JavaFX Application Thread] DEBUG FXGLAssetLoaderServi - Clearing assets cache
03:36:41.540 [JavaFX Application Thread] DEBUG FXGLAssetLoaderServi - Clearing assets cache
03:36:41.666 [JavaFX Application Thread] DEBUG FXGLAssetLoaderServi - Clearing assets cache
03:36:41.791 [JavaFX Application Thread] DEBUG FXGLAssetLoaderServi - Clearing assets cache
03:36:41.916 [JavaFX Application Thread] DEBUG FXGLAssetLoaderServi - Clearing assets cache
03:36:42.041 [JavaFX Application Thread] DEBUG FXGLAssetLoaderServi - Clearing assets cache
03:36:42.143 [JavaFX Application Thread] DEBUG FXGLAssetLoaderServi - Clearing assets cache
03:36:42.243 [JavaFX Application Thread] DEBUG FXGLAssetLoaderServi - Clearing assets cache
03:36:42.359 [JavaFX Application Thread] DEBUG FXGLAssetLoaderServi - Clearing assets cache
03:36:42.459 [JavaFX Application Thread] DEBUG FXGLAssetLoaderServi - Clearing assets cache
03:36:42.561 [JavaFX Application Thread] DEBUG FXGLAssetLoaderServi - Clearing assets cache
03:36:42.675 [JavaFX Application Thread] DEBUG FXGLAssetLoaderServi - Clearing assets cache
03:36:42.786 [JavaFX Application Thread] DEBUG FXGLAssetLoaderServi - Clearing assets cache
03:36:42.904 [JavaFX Application Thread] DEBUG FXGLAssetLoaderServi - Clearing assets cache
03:36:43.014 [JavaFX Application Thread] DEBUG FXGLAssetLoaderServi - Clearing assets cache
03:36:43.115 [JavaFX Application Thread] DEBUG FXGLAssetLoaderServi - Clearing assets cache
03:36:43.213 [JavaFX Application Thread] DEBUG FXGLAssetLoaderServi - Clearing assets cache
03:36:43.328 [JavaFX Application Thread] DEBUG FXGLAssetLoaderServi - Clearing assets cache
03:36:43.438 [JavaFX Application Thread] DEBUG FXGLAssetLoaderServi - Clearing assets cache
03:36:43.546 [JavaFX Application Thread] DEBUG FXGLAssetLoaderServi - Clearing assets cache
03:36:43.653 [JavaFX Application Thread] DEBUG FXGLAssetLoaderServi - Clearing assets cache
03:36:43.762 [JavaFX Application Thread] DEBUG FXGLAssetLoaderServi - Clearing assets cache
03:36:43.876 [JavaFX Application Thread] DEBUG FXGLAssetLoaderServi - Clearing assets cache
03:36:43.984 [JavaFX Application Thread] DEBUG FXGLAssetLoaderServi - Clearing assets cache
03:36:44.092 [JavaFX Application Thread] DEBUG FXGLAssetLoaderServi - Clearing assets cache
03:36:44.196 [JavaFX Application Thread] DEBUG FXGLAssetLoaderServi - Clearing assets cache
03:36:44.301 [JavaFX Application Thread] DEBUG FXGLAssetLoaderServi - Clearing assets cache
03:36:44.413 [JavaFX Application Thread] DEBUG FXGLAssetLoaderServi - Clearing assets cache
03:36:44.514 [JavaFX Application Thread] DEBUG FXGLAssetLoaderServi - Clearing assets cache
03:36:44.619 [JavaFX Application Thread] DEBUG FXGLAssetLoaderServi - Clearing assets cache
03:36:44.727 [JavaFX Application Thread] DEBUG FXGLAssetLoaderServi - Clearing assets cache
03:36:44.830 [JavaFX Application Thread] DEBUG FXGLAssetLoaderServi - Clearing assets cache
03:36:44.901 [JavaFX Application Thread] DEBUG FXGLAssetLoaderServi - Clearing assets cache
03:36:44.968 [JavaFX Application Thread] DEBUG FXGLAssetLoaderServi - Clearing assets cache
03:36:45.041 [JavaFX Application Thread] DEBUG FXGLAssetLoaderServi - Clearing assets cache
03:36:45.146 [JavaFX Application Thread] DEBUG FXGLAssetLoaderServi - Clearing assets cache
03:36:45.256 [JavaFX Application Thread] DEBUG FXGLAssetLoaderServi - Clearing assets cache
03:36:45.361 [JavaFX Application Thread] DEBUG FXGLAssetLoaderServi - Clearing assets cache
03:36:45.466 [JavaFX Application Thread] DEBUG FXGLAssetLoaderServi - Clearing assets cache
03:36:45.570 [JavaFX Application Thread] DEBUG FXGLAssetLoaderServi - Clearing assets cache
03:36:45.673 [JavaFX Application Thread] DEBUG FXGLAssetLoaderServi - Clearing assets cache
03:36:45.779 [JavaFX Application Thread] DEBUG FXGLAssetLoaderServi - Clearing assets cache
03:36:45.879 [JavaFX Application Thread] DEBUG FXGLAssetLoaderServi - Clearing assets cache
03:36:45.987 [JavaFX Application Thread] DEBUG FXGLAssetLoaderServi - Clearing assets cache
03:36:46.084 [JavaFX Application Thread] DEBUG FXGLAssetLoaderServi - Clearing assets cache
03:36:46.185 [JavaFX Application Thread] DEBUG FXGLAssetLoaderServi - Clearing assets cache
03:36:46.285 [JavaFX Application Thread] DEBUG FXGLAssetLoaderServi - Clearing assets cache
03:36:46.387 [JavaFX Application Thread] DEBUG FXGLAssetLoaderServi - Clearing assets cache
03:36:46.495 [JavaFX Application Thread] DEBUG FXGLAssetLoaderServi - Clearing assets cache
03:36:46.598 [JavaFX Application Thread] DEBUG FXGLAssetLoaderServi - Clearing assets cache
03:36:46.699 [JavaFX Application Thread] DEBUG FXGLAssetLoaderServi - Clearing assets cache
03:36:46.802 [JavaFX Application Thread] DEBUG FXGLAssetLoaderServi - Clearing assets cache
03:36:46.902 [JavaFX Application Thread] DEBUG FXGLAssetLoaderServi - Clearing assets cache
03:36:47.004 [JavaFX Application Thread] DEBUG FXGLAssetLoaderServi - Clearing assets cache
03:36:47.116 [JavaFX Application Thread] DEBUG FXGLAssetLoaderServi - Clearing assets cache
03:36:47.219 [JavaFX Application Thread] DEBUG FXGLAssetLoaderServi - Clearing assets cache
03:36:47.323 [JavaFX Application Thread] DEBUG FXGLAssetLoaderServi - Clearing assets cache
03:36:47.423 [JavaFX Application Thread] DEBUG FXGLAssetLoaderServi - Clearing assets cache
03:36:47.524 [JavaFX Application Thread] DEBUG FXGLAssetLoaderServi - Clearing assets cache
03:36:47.623 [JavaFX Application Thread] DEBUG FXGLAssetLoaderServi - Clearing assets cache
03:36:47.721 [JavaFX Application Thread] DEBUG FXGLAssetLoaderServi - Clearing assets cache
03:36:47.819 [JavaFX Application Thread] DEBUG FXGLAssetLoaderServi - Clearing assets cache
03:36:47.921 [JavaFX Application Thread] DEBUG FXGLAssetLoaderServi - Clearing assets cache
03:36:48.026 [JavaFX Application Thread] DEBUG FXGLAssetLoaderServi - Clearing assets cache
03:36:48.129 [JavaFX Application Thread] DEBUG FXGLAssetLoaderServi - Clearing assets cache
03:36:48.238 [JavaFX Application Thread] DEBUG FXGLAssetLoaderServi - Clearing assets cache
03:36:48.333 [JavaFX Application Thread] DEBUG FXGLAssetLoaderServi - Clearing assets cache
03:36:48.434 [JavaFX Application Thread] DEBUG FXGLAssetLoaderServi - Clearing assets cache
03:36:48.547 [JavaFX Application Thread] DEBUG FXGLAssetLoaderServi - Clearing assets cache
03:36:48.641 [JavaFX Application Thread] DEBUG FXGLAssetLoaderServi - Clearing assets cache
03:36:48.740 [JavaFX Application Thread] DEBUG FXGLAssetLoaderServi - Clearing assets cache
03:36:48.849 [JavaFX Application Thread] DEBUG FXGLAssetLoaderServi - Clearing assets cache
03:36:48.959 [JavaFX Application Thread] DEBUG FXGLAssetLoaderServi - Clearing assets cache
03:36:49.066 [JavaFX Application Thread] DEBUG FXGLAssetLoaderServi - Clearing assets cache
03:36:49.180 [JavaFX Application Thread] DEBUG FXGLAssetLoaderServi - Clearing assets cache
03:36:49.293 [JavaFX Application Thread] DEBUG FXGLAssetLoaderServi - Clearing assets cache
03:36:49.407 [JavaFX Application Thread] DEBUG FXGLAssetLoaderServi - Clearing assets cache
03:36:49.521 [JavaFX Application Thread] DEBUG FXGLAssetLoaderServi - Clearing assets cache
03:37:04.534 [JavaFX Application Thread] DEBUG FXGLApplication      - Exiting FXGL
03:37:04.535 [JavaFX Application Thread] DEBUG LoopRunner           - Stopping loop
03:37:04.535 [JavaFX Application Thread] DEBUG SystemBundleService  - Saving FXGL system data
03:37:04.537 [JavaFX Application Thread] DEBUG FileSystemAccess     - Writing to: C:\Dev\STS\Workspace\chargen\target\game\bin\system\fxgl.bundle
03:37:04.544 [JavaFX Application Thread] DEBUG Async                - Shutting down background threads
03:37:04.544 [JavaFX Application Thread] DEBUG MainWindow           - Closing main window
03:37:04.552 [JavaFX Application Thread] DEBUG Logger               - Closing Logger
