03:37:47.758 [main                     ] DEBUG Logger               - Configured Logger
03:37:47.791 [main                     ] DEBUG GameApplication      - Logging settings
Title: Modern Interiors Chargen Tool
Version: 1.0
Width: 1280
Height: 720
Fullscreen: false
Intro: false
Profiling: false
Single step:false
App Mode: DEVELOPER
Menu Key: ESCAPE
Stage Style: DECORATED
Scene Factory: class com.almasb.fxgl.app.scene.SceneFactory

03:37:48.198 [JavaFX Application Thread] DEBUG FXGLApplication      - Initializing FXGL
03:37:48.200 [JavaFX Application Thread] INFO  Engine               - FXGL-dev-SNAPSHOT (25.12.2020 10.00) on WINDOWS (J:14.0.1 FX:15)
03:37:48.201 [JavaFX Application Thread] DEBUG Engine               - JRE Vendor Name: Oracle Corporation
03:37:48.201 [JavaFX Application Thread] DEBUG Engine               - Running on OS: Windows 10 version 10.0
03:37:48.201 [JavaFX Application Thread] DEBUG Engine               - Architecture: amd64
03:37:48.201 [JavaFX Application Thread] INFO  Engine               - Source code and latest versions at: https://github.com/AlmasB/FXGL
03:37:48.202 [JavaFX Application Thread] INFO  Engine               -              Join the FXGL chat at: https://gitter.im/AlmasB/FXGL
03:37:48.307 [JavaFX Application Thread] DEBUG MainWindow           - Creating a JavaFX scene
03:37:48.374 [JavaFX Application Thread] DEBUG MainWindow           - Target settings size: 1280.0 x 720.0
03:37:48.375 [JavaFX Application Thread] DEBUG MainWindow           - Scaled scene size:    1280.0 x 720.0
03:37:48.375 [JavaFX Application Thread] DEBUG MainWindow           - Scaled ratio: (1.0, 1.0)
03:37:48.376 [JavaFX Application Thread] DEBUG MainWindow           - Set initial scene to StartupScene
03:37:48.382 [JavaFX Application Thread] DEBUG MainWindow           - Opening main window
03:37:48.475 [JavaFX Application Thread] DEBUG MainWindow           - Window border size: (16.0, 39.0)
03:37:48.475 [JavaFX Application Thread] DEBUG MainWindow           - Scaled size: 1280.0 x 720.0
03:37:48.475 [JavaFX Application Thread] DEBUG MainWindow           - Scaled ratio: (1.0, 1.0)
03:37:48.475 [JavaFX Application Thread] DEBUG MainWindow           - Scene size: 1280.0 x 720.0
03:37:48.475 [JavaFX Application Thread] DEBUG MainWindow           - Stage size: 1296.0 x 759.0
03:37:48.481 [FXGL Background Thread 1 ] DEBUG Engine               - Initializing environment variables
03:37:48.513 [FXGL Background Thread 1 ] DEBUG GameApplicationServi - Applying CSS: fxgl_dark.css
03:37:48.514 [FXGL Background Thread 1 ] DEBUG FXGLAssetLoaderServi - Loading from file system: /assets/ui/css/fxgl_dark.css
03:37:48.574 [FXGL Background Thread 1 ] DEBUG GameApplicationServi - Initializing application scenes
03:37:48.605 [FXGL Background Thread 1 ] DEBUG GameWorld            - Game world initialized
03:37:48.698 [FXGL Background Thread 1 ] DEBUG PhysicsWorld         - Physics world initialized: appHeight=720, physics.ppm=50.0
03:37:48.700 [FXGL Background Thread 1 ] DEBUG GameScene            - Game scene initialized: 1280x720
03:37:48.701 [FXGL Background Thread 1 ] DEBUG GameApplicationServi - Application scenes initialized
03:37:48.717 [FXGL Background Thread 1 ] DEBUG SystemBundleService  - Loading FXGL system data
03:37:48.723 [FXGL Background Thread 1 ] DEBUG FileSystemAccess     - Reading from: C:\Dev\STS\Workspace\chargen\target\tool\bin\system\fxgl.bundle
03:37:48.731 [FXGL Background Thread 1 ] DEBUG SystemBundleService  - Bundle FXGL: {}
03:37:48.731 [FXGL Background Thread 1 ] DEBUG UpdaterService       - Checking for updates
03:37:48.735 [FXGL Background Thread 4 ] DEBUG FXGLApplication      - Loading fonts
03:37:48.735 [FXGL Background Thread 1 ] DEBUG FXGLApplication      - Loading default localization
03:37:48.736 [FXGL Background Thread 1 ] DEBUG FXGLAssetLoaderServi - Loading from file system: /assets/languages/english.lang
03:37:48.735 [FXGL Background Thread 4 ] DEBUG FXGLAssetLoaderServi - Loading from file system: /assets/ui/fonts/VarelaRound-Regular.ttf
03:37:48.787 [FXGL Background Thread 1 ] INFO  FXGLApplication      - FXGL initialization took: 0.306 sec
03:37:48.839 [JavaFX Application Thread] DEBUG Input                - Registered new binding: Left - A
03:37:48.839 [JavaFX Application Thread] DEBUG Input                - Registered new binding: Right - D
03:37:48.839 [JavaFX Application Thread] DEBUG Input                - Registered new binding: Up - W
03:37:48.840 [JavaFX Application Thread] DEBUG Input                - Registered new binding: Down - S
03:37:48.840 [JavaFX Application Thread] DEBUG FXGLAssetLoaderServi - Loading from file system: /assets/textures/icon.png
03:37:48.931 [JavaFX Application Thread] DEBUG FXGLAssetLoaderServi - Loading from file system: /assets/ui/cursors/fxgl_default.png
03:37:48.935 [JavaFX Application Thread] DEBUG Input                - Registered new binding: Screenshot - P
03:37:48.938 [JavaFX Application Thread] DEBUG Input                - Registered new binding: System info dump - CTRL+9
03:37:48.939 [JavaFX Application Thread] DEBUG Input                - Registered new binding: Restart - CTRL+R
03:37:48.940 [JavaFX Application Thread] DEBUG Input                - Registered new binding: Toggle Debug Camera - CTRL+C
03:37:48.942 [JavaFX Application Thread] DEBUG LoopRunner           - Starting loop
03:37:48.943 [JavaFX Application Thread] DEBUG GameApplicationServi - Starting new game
03:37:48.943 [JavaFX Application Thread] DEBUG Input                - Clearing active input actions
03:37:48.955 [JavaFX Application Thread] DEBUG GameApplicationServi - Removing overlay from StartupScene and adding to FXGLLoadingScene
03:37:48.956 [JavaFX Application Thread] DEBUG MainWindow           - StartupScene -> FXGLLoadingScene
03:37:48.956 [JavaFX Application Thread] DEBUG GameApplicationServi - Clearing previous game
03:37:48.956 [JavaFX Application Thread] DEBUG GameScene            - Clearing game scene
03:37:48.956 [JavaFX Application Thread] DEBUG GameWorld            - Clearing game world
03:37:48.956 [JavaFX Application Thread] DEBUG PhysicsWorld         - Clearing physics world
03:37:48.960 [FXGL Background Thread 1 ] DEBUG FXGLApplication      - Initializing game
03:37:48.992 [FXGL Background Thread 1 ] INFO  FXGLApplication      - Game initialization took: 0.032 sec
03:37:49.012 [JavaFX Application Thread] DEBUG Input                - Clearing active input actions
03:37:49.033 [JavaFX Application Thread] DEBUG GameApplicationServi - Removing overlay from FXGLLoadingScene and adding to GameScene
03:37:49.034 [JavaFX Application Thread] DEBUG MainWindow           - FXGLLoadingScene -> GameScene
03:37:49.103 [FXGL Background Thread 4 ] DEBUG FXGLAssetLoaderServi - Loading from file system: /assets/ui/fonts/Abel-Regular.ttf
03:37:49.118 [FXGL Background Thread 4 ] DEBUG FXGLAssetLoaderServi - Loading from file system: /assets/ui/fonts/lucida_console.ttf
03:37:49.131 [FXGL Background Thread 4 ] DEBUG FXGLAssetLoaderServi - Loading from file system: /assets/ui/fonts/Courier-Prime.ttf
03:37:49.311 [FXGL Background Thread 2 ] WARN  UpdaterService       - Failed to find updates: javax.net.ssl.SSLHandshakeException: Received fatal alert: handshake_failure
03:37:49.538 [JavaFX Application Thread] DEBUG FXGLApplication      - Registering font factories with UI factory
03:37:51.735 [FXGL Background Thread 3 ] DEBUG Engine               - Logging environment variables
03:37:51.735 [FXGL Background Thread 3 ] DEBUG Engine               - achievements: []
03:37:51.735 [FXGL Background Thread 3 ] DEBUG Engine               - actualHeight: 720.0
03:37:51.736 [FXGL Background Thread 3 ] DEBUG Engine               - actualHeightProperty: ReadOnlyDoubleProperty [value: 720.0]
03:37:51.736 [FXGL Background Thread 3 ] DEBUG Engine               - actualWidth: 1280.0
03:37:51.736 [FXGL Background Thread 3 ] DEBUG Engine               - actualWidthProperty: ReadOnlyDoubleProperty [value: 1280.0]
03:37:51.736 [FXGL Background Thread 3 ] DEBUG Engine               - appIcon: icon.png
03:37:51.736 [FXGL Background Thread 3 ] DEBUG Engine               - applicationMode: DEVELOPER
03:37:51.736 [FXGL Background Thread 3 ] DEBUG Engine               - cSSList: [fxgl_dark.css]
03:37:51.736 [FXGL Background Thread 3 ] DEBUG Engine               - configClass: Optional.empty
03:37:51.736 [FXGL Background Thread 3 ] DEBUG Engine               - credits: []
03:37:51.737 [FXGL Background Thread 3 ] DEBUG Engine               - devBBoxColorProperty: ObjectProperty [value: 0xff0000ff]
03:37:51.737 [FXGL Background Thread 3 ] DEBUG Engine               - devEnableDebugCameraProperty: BooleanProperty [value: false]
03:37:51.737 [FXGL Background Thread 3 ] DEBUG Engine               - devSensorColorProperty: ObjectProperty [value: 0xffff00ff]
03:37:51.737 [FXGL Background Thread 3 ] DEBUG Engine               - devShowBBoxProperty: BooleanProperty [value: false]
03:37:51.737 [FXGL Background Thread 3 ] DEBUG Engine               - devShowPositionProperty: BooleanProperty [value: false]
03:37:51.738 [FXGL Background Thread 3 ] DEBUG Engine               - enabledMenuItems: []
03:37:51.738 [FXGL Background Thread 3 ] DEBUG Engine               - engineServices: [class com.almasb.fxgl.app.FXGLApplication$GameApplicationService, class com.almasb.fxgl.app.services.FXGLDialogService, class com.almasb.fxgl.app.services.IOTaskExecutorService, class com.almasb.fxgl.event.EventBusService, class com.almasb.fxgl.io.FileSystemService, class com.almasb.fxgl.localization.LocalizationService, class com.almasb.fxgl.app.services.FXGLAssetLoaderService, class com.almasb.fxgl.app.services.SystemBundleService, class com.almasb.fxgl.profile.SaveLoadService, class com.almasb.fxgl.ui.FXGLUIFactoryServiceProvider, class com.almasb.fxgl.ui.FXGLDialogFactoryServiceProvider, class com.almasb.fxgl.audio.AudioPlayer, class com.almasb.fxgl.notification.impl.NotificationServiceProvider, class com.almasb.fxgl.achievement.AchievementService, class com.almasb.fxgl.cutscene.CutsceneService, class com.almasb.fxgl.minigames.MiniGameService, class com.almasb.fxgl.net.NetService, class com.almasb.fxgl.app.services.UpdaterService, class com.almasb.fxgl.dev.DevService]
03:37:51.738 [FXGL Background Thread 3 ] DEBUG Engine               - fontGame: Abel-Regular.ttf
03:37:51.738 [FXGL Background Thread 3 ] DEBUG Engine               - fontMono: lucida_console.ttf
03:37:51.738 [FXGL Background Thread 3 ] DEBUG Engine               - fontText: Courier-Prime.ttf
03:37:51.738 [FXGL Background Thread 3 ] DEBUG Engine               - fontUI: VarelaRound-Regular.ttf
03:37:51.738 [FXGL Background Thread 3 ] DEBUG Engine               - fullScreen: BooleanProperty [value: false]
03:37:51.738 [FXGL Background Thread 3 ] DEBUG Engine               - gameDifficulty: MEDIUM
03:37:51.738 [FXGL Background Thread 3 ] DEBUG Engine               - gameDifficultyProperty: ObjectProperty [value: MEDIUM]
03:37:51.739 [FXGL Background Thread 3 ] DEBUG Engine               - globalMusicVolume: 0.5
03:37:51.739 [FXGL Background Thread 3 ] DEBUG Engine               - globalMusicVolumeProperty: DoubleProperty [value: 0.5]
03:37:51.739 [FXGL Background Thread 3 ] DEBUG Engine               - globalSoundVolume: 0.5
03:37:51.739 [FXGL Background Thread 3 ] DEBUG Engine               - globalSoundVolumeProperty: DoubleProperty [value: 0.5]
03:37:51.739 [FXGL Background Thread 3 ] DEBUG Engine               - height: 720
03:37:51.739 [FXGL Background Thread 3 ] DEBUG Engine               - isAndroid: false
03:37:51.739 [FXGL Background Thread 3 ] DEBUG Engine               - isBrowser: false
03:37:51.742 [FXGL Background Thread 3 ] DEBUG Engine               - isClickFeedbackEnabled: false
03:37:51.742 [FXGL Background Thread 3 ] DEBUG Engine               - isCloseConfirmation: false
03:37:51.744 [FXGL Background Thread 3 ] DEBUG Engine               - isDesktop: true
03:37:51.744 [FXGL Background Thread 3 ] DEBUG Engine               - isDeveloperMenuEnabled: false
03:37:51.745 [FXGL Background Thread 3 ] DEBUG Engine               - isEntityPreloadEnabled: true
03:37:51.745 [FXGL Background Thread 3 ] DEBUG Engine               - isExperimental3D: false
03:37:51.745 [FXGL Background Thread 3 ] DEBUG Engine               - isExperimentalNative: false
03:37:51.745 [FXGL Background Thread 3 ] DEBUG Engine               - isExperimentalTiledLargeMap: false
03:37:51.745 [FXGL Background Thread 3 ] DEBUG Engine               - isFileSystemWriteAllowed: true
03:37:51.745 [FXGL Background Thread 3 ] DEBUG Engine               - isFullScreenAllowed: false
03:37:51.745 [FXGL Background Thread 3 ] DEBUG Engine               - isFullScreenFromStart: false
03:37:51.745 [FXGL Background Thread 3 ] DEBUG Engine               - isGameMenuEnabled: false
03:37:51.745 [FXGL Background Thread 3 ] DEBUG Engine               - isIOS: false
03:37:51.746 [FXGL Background Thread 3 ] DEBUG Engine               - isIntroEnabled: false
03:37:51.746 [FXGL Background Thread 3 ] DEBUG Engine               - isLinux: false
03:37:51.746 [FXGL Background Thread 3 ] DEBUG Engine               - isMac: false
03:37:51.746 [FXGL Background Thread 3 ] DEBUG Engine               - isMainMenuEnabled: false
03:37:51.746 [FXGL Background Thread 3 ] DEBUG Engine               - isManualResizeEnabled: false
03:37:51.746 [FXGL Background Thread 3 ] DEBUG Engine               - isMobile: false
03:37:51.746 [FXGL Background Thread 3 ] DEBUG Engine               - isPreserveResizeRatio: false
03:37:51.746 [FXGL Background Thread 3 ] DEBUG Engine               - isProfilingEnabled: false
03:37:51.746 [FXGL Background Thread 3 ] DEBUG Engine               - isScaleAffectedOnResize: true
03:37:51.746 [FXGL Background Thread 3 ] DEBUG Engine               - isSingleStep: false
03:37:51.747 [FXGL Background Thread 3 ] DEBUG Engine               - isUserProfileEnabled: false
03:37:51.747 [FXGL Background Thread 3 ] DEBUG Engine               - isWindows: true
03:37:51.747 [FXGL Background Thread 3 ] DEBUG Engine               - language: ObjectProperty [value: ENGLISH]
03:37:51.747 [FXGL Background Thread 3 ] DEBUG Engine               - menuKey: ESCAPE
03:37:51.747 [FXGL Background Thread 3 ] DEBUG Engine               - notificationViewClass: class com.almasb.fxgl.notification.view.XboxNotificationView
03:37:51.747 [FXGL Background Thread 3 ] DEBUG Engine               - pixelsPerMeter: 50.0
03:37:51.747 [FXGL Background Thread 3 ] DEBUG Engine               - platform: WINDOWS
03:37:51.747 [FXGL Background Thread 3 ] DEBUG Engine               - prefHeightProperty: ReadOnlyDoubleProperty [value: 720.0]
03:37:51.748 [FXGL Background Thread 3 ] DEBUG Engine               - prefWidthProperty: ReadOnlyDoubleProperty [value: 1280.0]
03:37:51.748 [FXGL Background Thread 3 ] DEBUG Engine               - profileDir: profiles/
03:37:51.748 [FXGL Background Thread 3 ] DEBUG Engine               - profileName: StringProperty [value: DEFAULT]
03:37:51.748 [FXGL Background Thread 3 ] DEBUG Engine               - randomSeed: -1
03:37:51.748 [FXGL Background Thread 3 ] DEBUG Engine               - runtimeInfo: RuntimeInfo(platform=WINDOWS, version=dev-SNAPSHOT, build=25.12.2020 10.00)
03:37:51.748 [FXGL Background Thread 3 ] DEBUG Engine               - saveFileExt: sav
03:37:51.748 [FXGL Background Thread 3 ] DEBUG Engine               - scaledHeightProp$fxgl: DoubleProperty [bound, value: 720.0]
03:37:51.748 [FXGL Background Thread 3 ] DEBUG Engine               - scaledWidthProp$fxgl: DoubleProperty [bound, value: 1280.0]
03:37:51.748 [FXGL Background Thread 3 ] DEBUG Engine               - sceneFactory: com.almasb.fxgl.app.scene.SceneFactory@661d39bb
03:37:51.748 [FXGL Background Thread 3 ] DEBUG Engine               - secondsIn24h: 60
03:37:51.749 [FXGL Background Thread 3 ] DEBUG Engine               - soundMenuBack: menu/back.wav
03:37:51.749 [FXGL Background Thread 3 ] DEBUG Engine               - soundMenuPress: menu/press.wav
03:37:51.749 [FXGL Background Thread 3 ] DEBUG Engine               - soundMenuSelect: menu/select.wav
03:37:51.749 [FXGL Background Thread 3 ] DEBUG Engine               - soundNotification: core/notification.wav
03:37:51.749 [FXGL Background Thread 3 ] DEBUG Engine               - stageStyle: DECORATED
03:37:51.749 [FXGL Background Thread 3 ] DEBUG Engine               - supportedLanguages: [ENGLISH, FRENCH, GERMAN, HUNGARIAN, RUSSIAN]
03:37:51.749 [FXGL Background Thread 3 ] DEBUG Engine               - title: Modern Interiors Chargen Tool
03:37:51.749 [FXGL Background Thread 3 ] DEBUG Engine               - urlGithub: https://github.com/AlmasB/FXGL
03:37:51.749 [FXGL Background Thread 3 ] DEBUG Engine               - urlLeaderboard: http://fxgl-top.herokuapp.com/
03:37:51.749 [FXGL Background Thread 3 ] DEBUG Engine               - urlPOM: https://raw.githubusercontent.com/AlmasB/FXGL/master/README.md
03:37:51.750 [FXGL Background Thread 3 ] DEBUG Engine               - version: 1.0
03:37:51.750 [FXGL Background Thread 3 ] DEBUG Engine               - versionCheckDays: 7
03:37:51.750 [FXGL Background Thread 3 ] DEBUG Engine               - width: 1280
03:37:51.750 [FXGL Background Thread 3 ] DEBUG Engine               - Logging services
03:37:51.750 [FXGL Background Thread 3 ] DEBUG Engine               - class com.almasb.fxgl.app.FXGLApplication$GameApplicationService
03:37:51.750 [FXGL Background Thread 3 ] DEBUG Engine               - class com.almasb.fxgl.app.services.FXGLDialogService
03:37:51.750 [FXGL Background Thread 3 ] DEBUG Engine               - class com.almasb.fxgl.app.services.IOTaskExecutorService
03:37:51.750 [FXGL Background Thread 3 ] DEBUG Engine               - class com.almasb.fxgl.event.EventBusService
03:37:51.750 [FXGL Background Thread 3 ] DEBUG Engine               - class com.almasb.fxgl.io.FileSystemService
03:37:51.750 [FXGL Background Thread 3 ] DEBUG Engine               - class com.almasb.fxgl.localization.LocalizationService
03:37:51.750 [FXGL Background Thread 3 ] DEBUG Engine               - class com.almasb.fxgl.app.services.FXGLAssetLoaderService
03:37:51.750 [FXGL Background Thread 3 ] DEBUG Engine               - class com.almasb.fxgl.app.services.SystemBundleService
03:37:51.751 [FXGL Background Thread 3 ] DEBUG Engine               - class com.almasb.fxgl.profile.SaveLoadService
03:37:51.751 [FXGL Background Thread 3 ] DEBUG Engine               - class com.almasb.fxgl.ui.FXGLUIFactoryServiceProvider
03:37:51.751 [FXGL Background Thread 3 ] DEBUG Engine               - class com.almasb.fxgl.ui.FXGLDialogFactoryServiceProvider
03:37:51.751 [FXGL Background Thread 3 ] DEBUG Engine               - class com.almasb.fxgl.audio.AudioPlayer
03:37:51.751 [FXGL Background Thread 3 ] DEBUG Engine               - class com.almasb.fxgl.notification.impl.NotificationServiceProvider
03:37:51.751 [FXGL Background Thread 3 ] DEBUG Engine               - class com.almasb.fxgl.achievement.AchievementService
03:37:51.751 [FXGL Background Thread 3 ] DEBUG Engine               - class com.almasb.fxgl.cutscene.CutsceneService
03:37:51.751 [FXGL Background Thread 3 ] DEBUG Engine               - class com.almasb.fxgl.minigames.MiniGameService
03:37:51.751 [FXGL Background Thread 3 ] DEBUG Engine               - class com.almasb.fxgl.net.NetService
03:37:51.751 [FXGL Background Thread 3 ] DEBUG Engine               - class com.almasb.fxgl.app.services.UpdaterService
03:37:51.752 [FXGL Background Thread 3 ] DEBUG Engine               - class com.almasb.fxgl.dev.DevService
03:37:57.628 [JavaFX Application Thread] DEBUG FXGLApplication      - Exiting FXGL
03:37:57.629 [JavaFX Application Thread] DEBUG LoopRunner           - Stopping loop
03:37:57.629 [JavaFX Application Thread] DEBUG SystemBundleService  - Saving FXGL system data
03:37:57.631 [JavaFX Application Thread] DEBUG FileSystemAccess     - Writing to: C:\Dev\STS\Workspace\chargen\target\tool\bin\system\fxgl.bundle
03:37:57.633 [JavaFX Application Thread] DEBUG Async                - Shutting down background threads
03:37:57.633 [JavaFX Application Thread] DEBUG MainWindow           - Closing main window
03:37:57.641 [JavaFX Application Thread] DEBUG Logger               - Closing Logger
